<?xml version="1.0" encoding="UTF-8"?>
<robot generator="Robot 4.1.3 (Python 3.7.5 on win32)" generated="20220223 17:34:27.020" rpa="true" schemaversion="2">
<suite id="s1" name="Tasks" source="d:\teste-rpa-robot\tasks.robot">
<test id="s1-t1" name="Test RPA form web">
<kw name="Open the intranet website">
<kw name="Open Available Browser" library="RPA.Browser.Selenium">
<arg>https://front.serverest.dev/login</arg>
<doc>Attempts to open a browser on the user's device from a set of
supported browsers. Automatically downloads a corresponding webdriver
if none is already installed.</doc>
<msg timestamp="20220223 17:34:29.897" level="INFO">Creating an instance of the Chrome WebDriver.</msg>
<msg timestamp="20220223 17:34:29.915" level="INFO">Created download root directory: C:\Users\PICHAU\AppData\Local\robocorp\webdrivers</msg>
<msg timestamp="20220223 17:34:29.916" level="INFO">Created symlink directory: C:\Users\PICHAU\AppData\Local\robocorp\webdrivers</msg>
<msg timestamp="20220223 17:34:29.916" level="INFO">Creating an instance of the Chrome WebDriver.</msg>
<msg timestamp="20220223 17:34:30.993" level="INFO">Created Chrome browser with arguments: --disable-dev-shm-usage --disable-web-security --allow-running-insecure-content --no-sandbox</msg>
<msg timestamp="20220223 17:34:30.993" level="INFO" html="true">&lt;p&gt;Attempted combinations:&lt;/p&gt;&lt;div class="doc"&gt;&lt;table&gt;&lt;tr&gt;&lt;th&gt;Browser&lt;/th&gt;&lt;th&gt;Download&lt;/th&gt;&lt;th&gt;Error&lt;/th&gt;&lt;/tr&gt;&lt;tr&gt;&lt;td&gt;Chrome&lt;/td&gt;&lt;td&gt;False&lt;/td&gt;&lt;td&gt;Message: 'chromedriver' executable needs to be in PATH. Please see https://sites.google.com/a/chromium.org/chromedriver/home
&lt;/td&gt;&lt;/tr&gt;&lt;tr&gt;&lt;td&gt;Chrome&lt;/td&gt;&lt;td&gt;True&lt;/td&gt;&lt;td&gt;&lt;/td&gt;&lt;/tr&gt;&lt;/table&gt;&lt;/div&gt;</msg>
<msg timestamp="20220223 17:34:30.993" level="INFO">Opening url 'https://front.serverest.dev/login'</msg>
<status status="PASS" starttime="20220223 17:34:29.897" endtime="20220223 17:34:33.759"/>
</kw>
<kw name="Sleep" library="BuiltIn">
<arg>1</arg>
<doc>Pauses the test executed for the given time.</doc>
<msg timestamp="20220223 17:34:34.765" level="INFO">Slept 1 second</msg>
<status status="PASS" starttime="20220223 17:34:33.759" endtime="20220223 17:34:34.765"/>
</kw>
<status status="PASS" starttime="20220223 17:34:29.896" endtime="20220223 17:34:34.765"/>
</kw>
<kw name="Enter Register adm">
<kw name="Wait Until Page Contains Element" library="RPA.Browser.Selenium">
<arg>css=[data-testid="cadastrar"]</arg>
<doc>Waits until the element ``locator`` appears on the current page.</doc>
<status status="PASS" starttime="20220223 17:34:34.766" endtime="20220223 17:34:34.775"/>
</kw>
<kw name="Click Link" library="RPA.Browser.Selenium">
<arg>css=[data-testid="cadastrar"]</arg>
<doc>Clicks a link identified by ``locator``.</doc>
<msg timestamp="20220223 17:34:34.776" level="INFO">Clicking link 'css=[data-testid="cadastrar"]'.</msg>
<status status="PASS" starttime="20220223 17:34:34.776" endtime="20220223 17:34:34.819"/>
</kw>
<kw name="Sleep" library="BuiltIn">
<arg>1</arg>
<doc>Pauses the test executed for the given time.</doc>
<msg timestamp="20220223 17:34:35.832" level="INFO">Slept 1 second</msg>
<status status="PASS" starttime="20220223 17:34:34.819" endtime="20220223 17:34:35.832"/>
</kw>
<status status="PASS" starttime="20220223 17:34:34.765" endtime="20220223 17:34:35.832"/>
</kw>
<kw name="Register adm">
<kw name="Sleep" library="BuiltIn">
<arg>1</arg>
<doc>Pauses the test executed for the given time.</doc>
<msg timestamp="20220223 17:34:36.837" level="INFO">Slept 1 second</msg>
<status status="PASS" starttime="20220223 17:34:35.833" endtime="20220223 17:34:36.837"/>
</kw>
<kw name="Input Text" library="RPA.Browser.Selenium">
<arg>nome</arg>
<arg>random</arg>
<doc>Types the given ``text`` into the text field identified by ``locator``.</doc>
<msg timestamp="20220223 17:34:36.838" level="INFO">Typing text 'random' into text field 'nome'.</msg>
<status status="PASS" starttime="20220223 17:34:36.837" endtime="20220223 17:34:36.909"/>
</kw>
<kw name="Input Text" library="RPA.Browser.Selenium">
<arg>email</arg>
<arg>eradogelo2@gmail.com</arg>
<doc>Types the given ``text`` into the text field identified by ``locator``.</doc>
<msg timestamp="20220223 17:34:36.910" level="INFO">Typing text 'eradogelo2@gmail.com' into text field 'email'.</msg>
<status status="PASS" starttime="20220223 17:34:36.909" endtime="20220223 17:34:36.992"/>
</kw>
<kw name="Input Password" library="RPA.Browser.Selenium">
<arg>password</arg>
<arg>12345</arg>
<doc>Types the given password into the text field identified by ``locator``.</doc>
<msg timestamp="20220223 17:34:36.993" level="INFO">Typing password into text field 'password'.</msg>
<msg timestamp="20220223 17:34:37.027" level="INFO">Temporally setting log level to: NONE</msg>
<msg timestamp="20220223 17:34:37.059" level="INFO">Log level changed from NONE to INFO.</msg>
<status status="PASS" starttime="20220223 17:34:36.993" endtime="20220223 17:34:37.059"/>
</kw>
<kw name="Click Button" library="RPA.Browser.Selenium">
<arg>administrador</arg>
<doc>Clicks the button identified by ``locator``.</doc>
<msg timestamp="20220223 17:34:37.059" level="INFO">Clicking button 'administrador'.</msg>
<status status="PASS" starttime="20220223 17:34:37.059" endtime="20220223 17:34:37.102"/>
</kw>
<kw name="Click Button" library="RPA.Browser.Selenium">
<arg>css=[data-testid="cadastrar"]</arg>
<doc>Clicks the button identified by ``locator``.</doc>
<msg timestamp="20220223 17:34:37.102" level="INFO">Clicking button 'css=[data-testid="cadastrar"]'.</msg>
<status status="PASS" starttime="20220223 17:34:37.102" endtime="20220223 17:34:37.146"/>
</kw>
<status status="PASS" starttime="20220223 17:34:35.832" endtime="20220223 17:34:37.146"/>
</kw>
<kw name="EnterProduct">
<kw name="Wait Until Page Contains Element" library="RPA.Browser.Selenium">
<arg>css=[data-testid="cadastrarProdutos"]</arg>
<doc>Waits until the element ``locator`` appears on the current page.</doc>
<status status="PASS" starttime="20220223 17:34:37.147" endtime="20220223 17:34:41.196"/>
</kw>
<kw name="Click Link" library="RPA.Browser.Selenium">
<arg>css=[data-testid="cadastrarProdutos"]</arg>
<doc>Clicks a link identified by ``locator``.</doc>
<msg timestamp="20220223 17:34:41.197" level="INFO">Clicking link 'css=[data-testid="cadastrarProdutos"]'.</msg>
<status status="PASS" starttime="20220223 17:34:41.197" endtime="20220223 17:34:41.232"/>
</kw>
<status status="PASS" starttime="20220223 17:34:37.146" endtime="20220223 17:34:41.233"/>
</kw>
<kw name="Fill the products using the data from the Excel file">
<kw name="Open Workbook" library="RPA.Excel.Files">
<arg>Tabela de Produtos.xlsx</arg>
<doc>Open an existing Excel workbook.</doc>
<msg timestamp="20220223 17:34:41.269" level="INFO">Opened workbook: &lt;RPA.Excel.Files.XlsxWorkbook object at 0x0000023FA5D70208&gt;</msg>
<status status="PASS" starttime="20220223 17:34:41.233" endtime="20220223 17:34:41.269"/>
</kw>
<kw name="Read Worksheet As Table" library="RPA.Excel.Files">
<var>${product_sells}</var>
<arg>header=True</arg>
<doc>Read the content of a worksheet into a Table container. Allows
sorting/filtering/manipulating using the ``RPA.Tables`` library.</doc>
<msg timestamp="20220223 17:34:41.320" level="INFO">Created table: Table(columns=['Nome', 'Preço', 'Descrição', 'Quantidade'], rows=5)</msg>
<msg timestamp="20220223 17:34:41.320" level="INFO">${product_sells} = Table(columns=['Nome', 'Preço', 'Descrição', 'Quantidade'], rows=5)</msg>
<status status="PASS" starttime="20220223 17:34:41.269" endtime="20220223 17:34:41.320"/>
</kw>
<kw name="Close Workbook" library="RPA.Excel.Files">
<doc>Close the active workbook.</doc>
<msg timestamp="20220223 17:34:41.321" level="INFO">Closing workbook: &lt;RPA.Excel.Files.XlsxWorkbook object at 0x0000023FA5D70208&gt;</msg>
<status status="PASS" starttime="20220223 17:34:41.321" endtime="20220223 17:34:41.321"/>
</kw>
<for flavor="IN">
<var>${product_sell}</var>
<value>@{product_sells}</value>
<iter>
<var name="${product_sell}">{'Nome': 'Smartphone S', 'Preço': 1300.0, 'Descrição': 'Smartphone de última geração.', 'Quantidade': 100.0}</var>
<kw name="Register Product">
<arg>${product_sell}</arg>
<kw name="Sleep" library="BuiltIn">
<arg>1</arg>
<doc>Pauses the test executed for the given time.</doc>
<msg timestamp="20220223 17:34:42.325" level="INFO">Slept 1 second</msg>
<status status="PASS" starttime="20220223 17:34:41.323" endtime="20220223 17:34:42.325"/>
</kw>
<kw name="Click Link" library="RPA.Browser.Selenium">
<arg>css=[data-testid="cadastrar-produtos"]</arg>
<doc>Clicks a link identified by ``locator``.</doc>
<msg timestamp="20220223 17:34:42.325" level="INFO">Clicking link 'css=[data-testid="cadastrar-produtos"]'.</msg>
<status status="PASS" starttime="20220223 17:34:42.325" endtime="20220223 17:34:42.360"/>
</kw>
<kw name="Input Text" library="RPA.Browser.Selenium">
<arg>nome</arg>
<arg>${product_sell}[Nome]</arg>
<doc>Types the given ``text`` into the text field identified by ``locator``.</doc>
<msg timestamp="20220223 17:34:42.361" level="INFO">Typing text 'Smartphone S' into text field 'nome'.</msg>
<status status="PASS" starttime="20220223 17:34:42.360" endtime="20220223 17:34:42.436"/>
</kw>
<kw name="Input Text" library="RPA.Browser.Selenium">
<arg>price</arg>
<arg>${product_sell}[Preço]</arg>
<doc>Types the given ``text`` into the text field identified by ``locator``.</doc>
<msg timestamp="20220223 17:34:42.437" level="INFO">Typing text '1300.0' into text field 'price'.</msg>
<status status="PASS" starttime="20220223 17:34:42.436" endtime="20220223 17:34:42.503"/>
</kw>
<kw name="Input Text" library="RPA.Browser.Selenium">
<arg>css=[data-testid="descricao"]</arg>
<arg>${product_sell}[Descrição]</arg>
<doc>Types the given ``text`` into the text field identified by ``locator``.</doc>
<msg timestamp="20220223 17:34:42.503" level="INFO">Typing text 'Smartphone de última geração.' into text field 'css=[data-testid="descricao"]'.</msg>
<status status="PASS" starttime="20220223 17:34:42.503" endtime="20220223 17:34:42.593"/>
</kw>
<kw name="Input Text" library="RPA.Browser.Selenium">
<arg>quantity</arg>
<arg>${product_sell}[Quantidade]</arg>
<doc>Types the given ``text`` into the text field identified by ``locator``.</doc>
<msg timestamp="20220223 17:34:42.594" level="INFO">Typing text '100.0' into text field 'quantity'.</msg>
<status status="PASS" starttime="20220223 17:34:42.593" endtime="20220223 17:34:42.658"/>
</kw>
<kw name="Http Get" library="RPA.HTTP">
<arg>https://api.thecatapi.com/v1/images/search</arg>
<arg>overwrite=True</arg>
<doc>A helper method for ``Get Request`` that will create a session, perform GET
request, and store the target file, if set by the ``target_file`` parameter.</doc>
<msg timestamp="20220223 17:34:42.659" level="INFO">Creating a new HTTP session</msg>
<msg timestamp="20220223 17:34:42.659" level="INFO">Creating Session using : alias=rpasession_alias.httpsapi.thecatapi.com, url=https://api.thecatapi.com, headers={},                     cookies={}, auth=None, timeout=None, proxies=None, verify=True,                     debug=0 </msg>
<msg timestamp="20220223 17:34:43.164" level="INFO">GET Request : url=https://api.thecatapi.com/v1/images/search 
 path_url=/v1/images/search 
 headers={'User-Agent': 'python-requests/2.27.1', 'Accept-Encoding': 'gzip, deflate', 'Accept': '*/*', 'Connection': 'keep-alive'} 
 body=None 
 </msg>
<msg timestamp="20220223 17:34:43.164" level="INFO">GET Response : url=https://api.thecatapi.com/v1/images/search 
 status=200, reason=OK 
 headers={'x-dns-prefetch-control': 'off', 'x-frame-options': 'SAMEORIGIN', 'strict-transport-security': 'max-age=15552000; includeSubDomains', 'x-download-options': 'noopen', 'x-content-type-options': 'nosniff', 'x-xss-protection': '1; mode=block', 'vary': 'Origin', 'expires': 'Tue, 03 Jul 2001 06:00:00 GMT', 'last-modified': 'Wed Feb 23 2022 20:34:43 GMT+0000 (Coordinated Universal Time)', 'cache-control': 'post-check=0, pre-check=0', 'content-type': 'application/json; charset=utf-8', 'x-response-time': '67ms', 'X-Cloud-Trace-Context': 'fb475b37d3529df279913bee2d1c5289', 'Date': 'Wed, 23 Feb 2022 20:34:43 GMT', 'Server': 'Google Frontend', 'Content-Length': '101'} 
 body=[{"breeds":[],"id":"e2n","url":"https://cdn2.thecatapi.com/images/e2n.jpg","width":500,"height":375}] 
 </msg>
<status status="PASS" starttime="20220223 17:34:42.658" endtime="20220223 17:34:43.164"/>
</kw>
<kw name="Download" library="RPA.HTTP">
<arg>https://cdn2.thecatapi.com/images/ebv.jpg</arg>
<arg>${OUTPUT_DIR}${/}imagem.jpg</arg>
<doc>An alias for the ``HTTP Get`` keyword.</doc>
<msg timestamp="20220223 17:34:43.165" level="INFO">Creating a new HTTP session</msg>
<msg timestamp="20220223 17:34:43.165" level="INFO">Creating Session using : alias=rpasession_alias.httpscdn2.thecatapi.com, url=https://cdn2.thecatapi.com, headers={},                     cookies={}, auth=None, timeout=None, proxies=None, verify=True,                     debug=0 </msg>
<msg timestamp="20220223 17:34:43.239" level="INFO">GET Request : url=https://cdn2.thecatapi.com/images/ebv.jpg 
 path_url=/images/ebv.jpg 
 headers={'User-Agent': 'python-requests/2.27.1', 'Accept-Encoding': 'gzip, deflate', 'Accept': '*/*', 'Connection': 'keep-alive'} 
 body=None 
 </msg>
<msg timestamp="20220223 17:34:43.568" level="INFO">GET Response : url=https://cdn2.thecatapi.com/images/ebv.jpg 
 status=200, reason=OK 
 headers={'Date': 'Wed, 23 Feb 2022 20:34:43 GMT', 'Content-Type': 'image/jpeg', 'Content-Length': '28025', 'Connection': 'keep-alive', 'last-modified': 'Thu, 27 Sep 2018 01:09:17 GMT', 'etag': '"236b60fbfb5cde085186493609f37579"', 'x-cache': 'RefreshHit from cloudfront', 'via': '1.1 851117d0ba7b2cbe0cf02406c40397d8.cloudfront.net (CloudFront)', 'x-amz-cf-pop': 'GIG51-C2', 'x-amz-cf-id': 'mN-pc-ggotwdc2OuU_yshN2m1EOWWD5Ci6xv-vhvEZuVx8g6YtwhYw==', 'Cache-Control': 'max-age=14400', 'CF-Cache-Status': 'HIT', 'Age': '877', 'Accept-Ranges': 'bytes', 'Expect-CT': 'max-age=604800, report-uri="https://report-uri.cloudflare.com/cdn-cgi/beacon/expect-ct"', 'Report-To': '{"endpoints":[{"url":"https:\\/\\/a.nel.cloudflare.com\\/report\\/v3?s=Wa4AZcDQXeJoc%2F20zfBVqbeq3A%2BKsEBtrZoc3naVu5HwTrfpvFUhqcpVEhc%2FtdO%2B%2BDcO%2Bc0BpSnt9RMhAEzmpbTFcVIyIXIcZdJLA7czK6TauVh6s4VNkOFzUhBrWcfKMJIA6MWO6xFSht8v9pgaqRY%3D"}],"group":"cf-nel","max_age":604800}', 'NEL': '{"success_fraction":0,"report_to":"cf-nel","max_age":604800}', 'Vary': 'Accept-Encoding', 'Server': 'cloudflare', 'CF-RAY': '6e233c903c0f62a7-BSB', 'alt-svc': 'h3=":443"; ma=86400, h3-29=":443"; ma=86400'} 
 body=����JFIF��C		��C

���"������ߥS=��*��e$�$����=��,�:넒��H@;;��i�c�m.8C}tD�A��S����o|��nY�Ц&gt;�k��+�M�7^#��+�y�|a����P��t˰��)?(,f߻�����.��O�=B�y�sW��b��/V̘Yw���Vo�U�Mz,�M-ǟ��U�Ď_a@��7����; ���Cm�}/����9�S2����Ηf�u3���b��S�ރr����R^պ�c�Hh��"Y�Z�4���o�%I\�*6��z?�\�i��ԢD@���i����Z����k�H�}/5��5�1����#f�t�L:Ҹ�sg�Ѱ�T�B��G������]h޷�m�&lt;�C8��U�V?`�IX�BI��W��qj3SQ�FM�2F����Ұ�U���e$�I!$����(���N�͆���dUf�+�xT�����$�I!$��HY�%��$�&lt;����;�cΈ������%����BI	$,Λ#5V!�%���d1�-F�f٪~`ۛ�F��IX�BK�0�����O�&lt;�Y}m	�TԳT2m�SfA`rhn&gt;*פ�$�E�&gt;Z@�$ݜc�2��{�=Ii��U&gt;6��\�pvpۯI^I$7�7�s43�j��lD3��o�[nVe}yQL�x�^�h kf���H��X	����b���&amp;f����pAK#��&lt;�6������פ�4�"�M�y��'�=7�ƭd.[7FU��؎�d3��U���D[�����qk)h��"�=&gt;�=!o�NV2�#b��.�FI9��K_Hh��3�@+d]@����k������zJI�f���6Ih�!B�-�s�s�����א0�ĕ��.\���҄H�M�
x�Ϋ&amp;�TOc�B u��z����$����%�h�c�(�׹��.���B9�L�%kUzĂ����a��\�N�F��g޸�q޷�z�3���XbΜ
�V�qܽ�IJ��S��Ϋ����f�a���`lіrg/�BKr������0r$� J��P��׊��[ZCa%�m&lt;5p�8_MFIy=I�Dnx�gR����Խ4�i@�,sW�+:V_�$w��?K;���ޓ^sT�ݝK47�Y�X���M�:%��i\�ޜI��⃜����Z1������^ƕ��`�&lt;�Wچ�m t�y�=�9%�2�Ƌ��B��VK^�����&lt;bpy�F;�$07
�e8�'R�qr�%{UnP��ŗSlrBq쐑�4�G�.§��*E���X!�+g�P�+l�dM����Z�$bIcD���"�2�U�s�Z�!9u��Y���oPHq[�&amp;Q�y�q��YP%�q�
�uńM��͝��!���i��ʲ"u�W���K�6y!�I�-�C_Ky�
�����I�+�U���`��(�&lt;�m(Y4�&lt;�8�d�%��&lt;Ny�GUV��&lt;�f�v���&lt;�(!��&lt;��ܙC���ÔΧ�&lt;Wf���-��)q�r'Q��Yʖ`�|�st��]��A����7���D2��kD&gt;,��Q,ΑW&lt;�p��f�N���|a�n��&lt;��m��Yk4���`M���ɛy������o�X�Z�N���aKs�}�x����Oe�Z����˘���-��|��[�/��yP�$@��W�)����Ϋ!M(�*���8?_�"��Uc��,�l�E��@�0�D�01,2�&amp;(�C�" �����v�&gt;c��ǔ������J�y��"���;^`�ԍ�����A5t�4/����`P`�(#M�z���.�q�ß�d�BGq)���%=,�����L	t5��4��l1R� P4��ZDr�]%��"�7�$�gt2Fp?5	�Ue�l��$ 	1�� 6Tʂ|�1�Ǵp���"! 1A0Q@q��?n�!;��*"�pw葪�������Y���w�x��[��hD���&amp;�bvE��[�/,"LBvD�I{ňD�.͔G��X�(b{���oN����П��aau�=rB�(��b�����v�M��"����z&amp;�H����g��'o/�QKf�\&amp;�Yl�o�M�x��u�w�(��1�˲�i%�&lt;ȋ�7�XX��.ȪV����K�%�pLEfw�Dn�
ŗ��줐�\�й.eS�Y�������bu�Vk6P�
,e~�|�^i]�\������v��$!1 A"2Q��?��#��d����Y�=�k�W�[�5;�e���KfK(��\L�b0r�xJ=�(��D[jМ���Էb:��:o�MS3�9���c�$n;i����+tt��64�ɎPv��8�S��]zc,I����3�n/I���z3*�����5�w�e�Ǹ�&amp;㹛"J�:E�E3$;�b������,$�n/\�&gt;b�T���]��V��Fe��œ�fZj�Z=���c7�MZ��L���.��5�H�#�~]2�1�tqMSL�1��^`��c�#$�16�b^&lt;.V��Y�M�_��pFI�t�W��^�gq+r �~챴��3��2VCnD-zm�Fu�GMd1!�ġ-pơ�f��Q������%���v=ob�קIc�Oql�{��F�C,���r���[�p"����hc+m��[N�+V6-o_�).�ZV�6!i^�^wf��L�F�~���
i�������)�3#��	;�nN��r:�N���CU��\�՝���h��-R�2�lM1�b�����Ѕ�b���;�l[�)~���O�K/K�;*�露���K!1A"Qa2q�#BR�� ����3�$0br��	C&amp;4Dc���d����?�c5�&lt;�,��_�����I:�K�No��h[.�ij�.{�����vņ9��+���
�lϊsw�I�S��/c!�=Y��Ը��x��晭DN�����iE��k��}�8�T��;H�[+���3uQf#��E�7�CKՎ������9k�gf��]Jgy�N�9hcg�v����X��`r�i�cY�gu&lt;1��	D����U�*4�6(���7��ܷU�2��
ڸ���?sSB�1:^@��ѝjo{��euy]Y?�U���U,��bY;��q�(�����x�N#��+��hҮ� ��#�߈m�8&lt;�w��:��e&lt;�H�#1� V�1���,�jb:�zc�ǽ,���Ig]E�v.��l?���d�{D�&gt;i?�s*U̠V&lt;���rXt��_�\u�qYù%g��N[O.gB�:Z��aS}J��sq����duui�AO$��O��q�ʈ���j�F���$������܂X]��6��yfk���=ea��4�,�P��˝6,-��0$\���pęA�����ib	�R���6�}q���|+Ŕ��a1����Փ������&amp;�ۯ��ee&amp;a��]CSM4�)�p��y#b1�\g|I��LR��A���g�{Xa{Y�f5)G�f��#2GLm�Io��ґV��3x`�o߲�I�6��Z���ʳ����&gt;1�Ǿ��U!��L�V�(жV�{pv`�ѵ\�j4���tǰ���ә\�@E��OU*��\X���qYuT��J.�##�0E�+z(3,�7�����5#7�"3��v� �ǈ(V��8G����Z

x!����v�+I*0k�\��&lt;���h&lt;Q��ULUF�e���LIʻ}�\�����Y�ZpMNW4q�Uh��Q{�,����e�x焸�p�REnNX�6Y;��t&amp;0wS��S�A���&gt;q7�\�(i�R��$���Y$�nHNX��&lt;�4��j����X�
�'{�̓k��1��yU�4�C�B������t�q�{�歗e���M���J�	%�Z��_��v��O4�w�EQK4z���ʒ���d6ku�Q�Ǵ��eI�er�*��A�����c."�,��Ț�Hj��A��q����c�/���޳���ȫ!�n�xijB���;"�LP�P����b���R�N��f�@pw\�|#+(e �.;W�QPD%����6`��P�ry����ُ�4�Y��W
�j`ָF-`�B����?��WL�����-��Q{��è�GL'g|[��QT&amp;\�����O:��+x�G?,U�?K��Ԯ_K�Bg�	�$��ZB���/`NVc?���ޢj�б�w/{BE�E-mϙ��Bه�,�-u�Q��F�n&gt;Z�qbmא������^$�3)2���1�}DlY�~���g�p�C��&lt;Y�M\!��I
��y1�|�0��SVQe��mx\�b�VQӝ��M�w�I�3SE(�X�9
ŉ%ɵ��Ϧ87+� �����R&amp;��ʔ�I]WIvf�~"2|��Ue�4]�[P��J�TU)*�n����KI��E���,IYѣ9��?�G5 躞X����.�r�׸��aɟ3��5)OH��`P��]}��F��������83���sX���&gt;��� 	e%@ z�{d��+��2��:7I� 7����s�~B�k�z�d�Ľ��ӗ�\A��fuՕ�diwZXTꐄ
����eE��y�s���v�fU,U\�=�(s\��&amp;�7���J�Y��퐋������TI��!��V��x���]ÏQl{$fuy���	��O$�	�����F���d������j����E�$Z�VM���y#(���Slv��o��˪�Z�]OL��4,�����g�G�۟d݄I[�+Y��T�� 
`IH���`u3.Ý�1�%S�����'-��%FX(�)T�#Qe&amp;�._&lt;vkKSY�ƩY����7��3|�u���kM��*iRb����nl���y�&lt;Jj�6����o�@�&amp;�4��_����ϫ�)3b7�uv�*�d�r$Z��c�j��'����_u�*"�������\	C�`�OWd��_����ڿ�Wj�C��z��I����h�@m'{��o\ey�S��'Ng�}�U�I
��&amp;���*ϲ�6�=\�/J�f�1���$ra��ǲQe�]�7{��&gt;�!� �Qt� �,��c�h��x;6��5�:�	�d~L6&gt;�㲪
�����G�&amp;z�����QHb:�4F�m;�{�r�'��2�����c�cة���{���e�Z���)�\}��� s�{��\��;V�^��l�a��w�wh�^���r�v��/�J� ��0U0��N��l����g�E��q���R{��MݵD�K���E@��"�qGSϓ�LЄE�iO{��������5fg��L��h�R����M����6oCY��ޛH�G=�_B:Ⓘ��{�)mQt�Æ&lt;�����/,e�~�;���5#x��?���eqwe9m �i�f����&gt;)�ᵍ�Q�Xi)c�Б(P+����2���J����H�Ꭺx��af?[_���L���-���yo��pewq���E����{��]�Ù�!���j&gt;��/R)�`Xc�6�ݏ�7'��������dda�E�_KM��&gt;j��)���;�����c�/�*8���t�&amp;i+r��iY�ْ�F'��8�嚺�qr��0��c�nҳl����8��_(��z0��B*���`[��~x�vi��Y��N�l�lKt��;zz��¦i*D��n�Ƒ5�:E�6�X�k�W��/�!Vi"MEF���nd��)&amp;cY���S���#������4��I.�}EM�}1W��P^t��������|P��P�S�\1m���l��4�J��Fܿ��a'y3��4����e��Pk�Y�n���!������y�,q!wc�rq��3�GV���i���oe@J�u�gז;#�����)d�cH����F����r:�]c��#�pT6���������"���53�jMI!³���;+\[}��������X2��$�ɟ2D��,�L��`���.�c�ӆ����S4���	����3N�� 
n|$����@#��d�l{+�+e�SY:-%&amp;`��F�x���ʎ�0�桫�e����,mɔ��k�
������i&gt;�Q+�c�|�� ����U�D������I@w������I%1�Z�r-���(�r
��&amp;젞[��ya�x Y���Y�vR�$/o��1�Y�apl�A}W����Ud���2q��Z������}^U���Z�)i��eҲ0a����ϩ}�$����;�������2����H'-�$��"�X����������ܷ���MWM�Ř�#J_��}0�L��X�t�.�b�c�o��js����E"�+#25�6W��"���Tv��pU=4y�5S�⎎'���}�7��\�=gZ�S�&gt;�C,�B��c9�jܚ%`"1A ���v�E.��M��mg�����ӊۍ{�8�Y��,u-}̩�b~v��V,rǴ�I�&lt;������e�� ld��ב�c�i�t��PQ�r�� � ��,L��$�UZUIs�b�2�J���]Vm6���z��*�HQ��_J�|�����g�Ķ���Pj+�w$����@6��Se�p����{ !+*a���5�z���؇��枣^e�fuJ���M�_v'�6�nY��S�fi�H�-$sɬ�+r���۞��`��d}�prg9d�T$%}��4���ԍ����]�V�g/PA�uI�tX�й��?���n���f(#��r}kԏ"6��� ���S�*	�+�jF��JԐ����6��ǳ�UqM7�MQ9�����$�˧_3�ጋ�r����z8�lJ'��Y���'�8���jc���y"��!׽��h�O�H� �!ܜ��U3d���L�Z+)���O�����$eH˳U$�ز�Wv����p���Mv:&gt;3`Xs�د�#!�۠�&gt;bؖ�� wr�o�o�m��#�\�+-���{8�5'drfQ-]L���p-�R�UP��ץ�#�Գj����$q�	'�&lt;�#˝��,4p�]�$h�dV;�����U�@��/ˈ�A�&gt; +��&lt;{?��vc���9~U��:�p]�#ذ/Ѓv�l7�E{�$񄨣���]nH�0�ǵ/f��g}�����#TvcM'=5�#�b7�cm�����FB�ۭ��Z:Z�X�uN^6/p��N=�8?5�8ҏ9h$�/���Y�X;�!Py���A�&lt;Y�C�ݢF-mlGy%�Xm��T5P Q�5�����ev�Ach�����3�b���h�`rŶ�=����#��r��XVVY{�������~_\v�OI?{ �,��K)fa��§��wMM`�*� ��6�a늊t��:]������bz��=�(�F�ًs ��ǳ��KU]�W�5gL�w��Y�B1=���)��Q���I[��6��0�q�UC(��bGŶ�~��2��Z�^�jJ{�$�F�U?���yl9�vCéKÆ�2F1��D	����~B���\GI�eYDl�jW:���"=�x�����������T�)�gP�@����gռ3��*�A����/!s���vS�|mGGOCE� �U���[�+~d�c�r&lt;���|�.�c��ݍ��_����J&gt;�g:�((厘7�G,��eo+���dK$[I&lt;#��q����4�H��X��o/��q�&lt;m��b$_|�QOZ�m2(6�e���c9̩2��J�ٖbfc�3��8�8����V��XɱT��ש�s��I����Gt��ϐ��34��R�%�Dj���n^���h�M�x��m��XBu�(W�,vF#}���#��6,UY
���/���M�9�4�wu���j䲶����[	ŕ��]-;�MNX02"x�~|��q�H��2��c���w�0��o��q�v��f��E���~ʚ�X�f�7ǰ���(��5�xT!��H:��&lt;m�$��&lt;��ӆ�G��[EM���GG
CK�E���n��l�-�Hi�"v��a�*۠c�&lt;v��8��BavU/e�s�Kau�Z�BV?p��g^�+�&gt;�b�S$�d�"��:��V_&amp;RM����l��Kƒ����PC��M%��'b[��g��h�[�=A���;nO_#m��W��t
�VJw������v����*g��p�KX��Zߦ�̅,�� Rn�7oRz����U��`����OT#[k��j�����Ud:��1a��-�3ngӦ2��Y��Hܤvf�ͣ��E��-f�!�dB7���7	��:Ar.�|�����:�*�v�)i�YK!���8k0�4�i3dWJ�VK�+�����S�`��̲	��T�{�"�ܠ][��/�5�Z����2��J��k}0��ظ@�Y���o?&lt;R�a,!4�H�նߠ�uLB�'��!F��v�t�w�L��iS�����~XY	���B���o�|e�U�,�Y��n|v�.����S�$��s��l�U5w؝��9bh��Ҭ�ǹ&amp;����
L�\Ak�|�@Z)�C[puu#����e���m.)ƒ�}C�z�&amp;Y��-ߤ,�����I��1�o$�T�b;��鐨դg�y�9�e�ӫ�z	L|�0����X������SSm&amp;hTN�;���zy�TA�Fd�����OO/&lt;f$�ˬ-��o�c�bviScc�u����P��cO����8M2�3(���]!�����S��!Ti5���q&gt;�c�%cT�������K���:�21�����.��X��F��tu���F(�1�{���qX��P�~�Mή�⊞G�G���B�NW������s7���-ǖ=�+%J�ܳ^��.����xrǵG��tM:j��$5
?v���F3he�Ŵ%��-�6��z�&lt;�:���okb6&amp;�#kO����0T��v�+Ć6&amp;Ť&gt;+��`�������X����b��1��T�TRok���������#�Б��|�\V�H�1K �-u���!�I1'�z7���+���@��̏���J�l���7+�1Ó����A�#��;��+R��Wج��s&lt;���c��4�����V5k���խ˨V���ysǵ��¼w���ש���~"O�,q&lt;U�]��E��zm��:7]C
܅ԕm�_�Lz�b�~]q��ĕ��-r,C�Y��tح����`��NY��*l[�����0�a��/�����sJR2�Hn��?�L+5�t��܏&lt;1�r�
.m{6���0k�0b���ߚ���q�e�8&amp;�k�:d�m�����=��R���])ޣ��Tl����|_o���);A��r��_LZ	�ݒ�	�nG�c���مe=-u3�SN���*1���q�Di�97$|G���\����v??\Kh��ױ�qE�a&amp;��v�4�S!K1}
��j���a�"�!޺��YM�$�ly�`CRQ��_~}/����5n���1�B�!bi��q���e�f��'��K�ԭۻ��.��]lq�s
iRh�Ɇw��m/��r��~��B��^��@�z$�Q��%E�ж/���{��;�5٭$�V�TҸF{r�,CXm�i�g��˧Ͳ��ʁf*5Dm��y_���z	Q���y�-���4&lt;�|�ycGuPX��?��5�ƖA�1��ru)��w���*�5&lt;�WƠ׹a����I$q��}~c���IT�w
Z%:5ͺ�&lt;��)��}Q�+Y��T�%Q5�;��l�JY��h�$�*-�k��b���3&gt;&amp;��E,����^��`���q�e�9�[-cMM,�H�V��l�˔ukS�pL�A2.]0��Xߧ�7���.�,�� �����7),oH;�yc&gt;���b���d��[K6��q|Kx�# �f$�;�������g�\��^],@6om����H�P�T��i.y�=��!"V�cc����(P�����1*KIZ�!��ۻ]Ϋ�*�=YDR�Dїr��l=o�,{��v)5Dh�{Ԓ�񩶓������u|{F�UCǜ?%eKuM�[xQ��ɏ,v��-�=LmD�jA-skzd���;�tS�r�c7�S,j�I���ſ;c�ቲ��H�6�{oa{��,2���Hu�o`y\��E�qQ����dV�����o���J�,J��... (set the log level to DEBUG or TRACE to see the full content) 
 </msg>
<status status="PASS" starttime="20220223 17:34:43.164" endtime="20220223 17:34:43.569"/>
</kw>
<kw name="Choose File" library="RPA.Browser.Selenium">
<arg>imagem</arg>
<arg>D:\\teste-rpa-robot\\output\\imagem.jpg</arg>
<doc>Inputs the ``file_path`` into the file input field ``locator``.</doc>
<msg timestamp="20220223 17:34:43.570" level="INFO">Sending D:\teste-rpa-robot\output\imagem.jpg to browser.</msg>
<status status="PASS" starttime="20220223 17:34:43.569" endtime="20220223 17:34:43.599"/>
</kw>
<kw name="Click Button" library="RPA.Browser.Selenium">
<arg>Cadastrar</arg>
<doc>Clicks the button identified by ``locator``.</doc>
<msg timestamp="20220223 17:34:43.600" level="INFO">Clicking button 'Cadastrar'.</msg>
<status status="PASS" starttime="20220223 17:34:43.599" endtime="20220223 17:34:43.642"/>
</kw>
<kw name="Wait Until Page Contains Element" library="RPA.Browser.Selenium">
<arg>css=[data-testid="cadastrar-produtos"]</arg>
<doc>Waits until the element ``locator`` appears on the current page.</doc>
<status status="PASS" starttime="20220223 17:34:43.642" endtime="20220223 17:34:43.647"/>
</kw>
<kw name="Click Link" library="RPA.Browser.Selenium">
<arg>css=[data-testid="cadastrar-produtos"]</arg>
<doc>Clicks a link identified by ``locator``.</doc>
<msg timestamp="20220223 17:34:43.648" level="INFO">Clicking link 'css=[data-testid="cadastrar-produtos"]'.</msg>
<status status="PASS" starttime="20220223 17:34:43.648" endtime="20220223 17:34:43.670"/>
</kw>
<status status="PASS" starttime="20220223 17:34:41.322" endtime="20220223 17:34:43.671"/>
</kw>
<status status="PASS" starttime="20220223 17:34:41.322" endtime="20220223 17:34:43.671"/>
</iter>
<iter>
<var name="${product_sell}">{'Nome': 'Cadeira de praia', 'Preço': 60.0, 'Descrição': 'Dobrável e confortável.', 'Quantidade': 150.0}</var>
<kw name="Register Product">
<arg>${product_sell}</arg>
<kw name="Sleep" library="BuiltIn">
<arg>1</arg>
<doc>Pauses the test executed for the given time.</doc>
<msg timestamp="20220223 17:34:44.680" level="INFO">Slept 1 second</msg>
<status status="PASS" starttime="20220223 17:34:43.672" endtime="20220223 17:34:44.680"/>
</kw>
<kw name="Click Link" library="RPA.Browser.Selenium">
<arg>css=[data-testid="cadastrar-produtos"]</arg>
<doc>Clicks a link identified by ``locator``.</doc>
<msg timestamp="20220223 17:34:44.680" level="INFO">Clicking link 'css=[data-testid="cadastrar-produtos"]'.</msg>
<status status="PASS" starttime="20220223 17:34:44.680" endtime="20220223 17:34:44.715"/>
</kw>
<kw name="Input Text" library="RPA.Browser.Selenium">
<arg>nome</arg>
<arg>${product_sell}[Nome]</arg>
<doc>Types the given ``text`` into the text field identified by ``locator``.</doc>
<msg timestamp="20220223 17:34:44.716" level="INFO">Typing text 'Cadeira de praia' into text field 'nome'.</msg>
<status status="PASS" starttime="20220223 17:34:44.715" endtime="20220223 17:34:44.790"/>
</kw>
<kw name="Input Text" library="RPA.Browser.Selenium">
<arg>price</arg>
<arg>${product_sell}[Preço]</arg>
<doc>Types the given ``text`` into the text field identified by ``locator``.</doc>
<msg timestamp="20220223 17:34:44.791" level="INFO">Typing text '60.0' into text field 'price'.</msg>
<status status="PASS" starttime="20220223 17:34:44.790" endtime="20220223 17:34:44.849"/>
</kw>
<kw name="Input Text" library="RPA.Browser.Selenium">
<arg>css=[data-testid="descricao"]</arg>
<arg>${product_sell}[Descrição]</arg>
<doc>Types the given ``text`` into the text field identified by ``locator``.</doc>
<msg timestamp="20220223 17:34:44.850" level="INFO">Typing text 'Dobrável e confortável.' into text field 'css=[data-testid="descricao"]'.</msg>
<status status="PASS" starttime="20220223 17:34:44.849" endtime="20220223 17:34:44.929"/>
</kw>
<kw name="Input Text" library="RPA.Browser.Selenium">
<arg>quantity</arg>
<arg>${product_sell}[Quantidade]</arg>
<doc>Types the given ``text`` into the text field identified by ``locator``.</doc>
<msg timestamp="20220223 17:34:44.930" level="INFO">Typing text '150.0' into text field 'quantity'.</msg>
<status status="PASS" starttime="20220223 17:34:44.929" endtime="20220223 17:34:44.987"/>
</kw>
<kw name="Http Get" library="RPA.HTTP">
<arg>https://api.thecatapi.com/v1/images/search</arg>
<arg>overwrite=True</arg>
<doc>A helper method for ``Get Request`` that will create a session, perform GET
request, and store the target file, if set by the ``target_file`` parameter.</doc>
<msg timestamp="20220223 17:34:44.988" level="INFO">Using already existing HTTP session</msg>
<msg timestamp="20220223 17:34:45.236" level="INFO">GET Request : url=https://api.thecatapi.com/v1/images/search 
 path_url=/v1/images/search 
 headers={'User-Agent': 'python-requests/2.27.1', 'Accept-Encoding': 'gzip, deflate', 'Accept': '*/*', 'Connection': 'keep-alive'} 
 body=None 
 </msg>
<msg timestamp="20220223 17:34:45.237" level="INFO">GET Response : url=https://api.thecatapi.com/v1/images/search 
 status=200, reason=OK 
 headers={'x-dns-prefetch-control': 'off', 'x-frame-options': 'SAMEORIGIN', 'strict-transport-security': 'max-age=15552000; includeSubDomains', 'x-download-options': 'noopen', 'x-content-type-options': 'nosniff', 'x-xss-protection': '1; mode=block', 'vary': 'Origin', 'expires': 'Tue, 03 Jul 2001 06:00:00 GMT', 'last-modified': 'Wed Feb 23 2022 20:34:45 GMT+0000 (Coordinated Universal Time)', 'cache-control': 'post-check=0, pre-check=0', 'content-type': 'application/json; charset=utf-8', 'x-response-time': '66ms', 'X-Cloud-Trace-Context': '10a835a67fdd597de6744396df4e9881', 'Date': 'Wed, 23 Feb 2022 20:34:45 GMT', 'Server': 'Google Frontend', 'Content-Length': '114'} 
 body=[{"breeds":[],"id":"Foa4fNPBJ","url":"https://cdn2.thecatapi.com/images/Foa4fNPBJ.png","width":1024,"height":768}] 
 </msg>
<status status="PASS" starttime="20220223 17:34:44.988" endtime="20220223 17:34:45.237"/>
</kw>
<kw name="Download" library="RPA.HTTP">
<arg>https://cdn2.thecatapi.com/images/ebv.jpg</arg>
<arg>${OUTPUT_DIR}${/}imagem.jpg</arg>
<doc>An alias for the ``HTTP Get`` keyword.</doc>
<msg timestamp="20220223 17:34:45.237" level="INFO">Using already existing HTTP session</msg>
<msg timestamp="20220223 17:34:45.280" level="INFO">GET Request : url=https://cdn2.thecatapi.com/images/ebv.jpg 
 path_url=/images/ebv.jpg 
 headers={'User-Agent': 'python-requests/2.27.1', 'Accept-Encoding': 'gzip, deflate', 'Accept': '*/*', 'Connection': 'keep-alive'} 
 body=None 
 </msg>
<msg timestamp="20220223 17:34:45.607" level="INFO">GET Response : url=https://cdn2.thecatapi.com/images/ebv.jpg 
 status=200, reason=OK 
 headers={'Date': 'Wed, 23 Feb 2022 20:34:45 GMT', 'Content-Type': 'image/jpeg', 'Content-Length': '28025', 'Connection': 'keep-alive', 'last-modified': 'Thu, 27 Sep 2018 01:09:17 GMT', 'etag': '"236b60fbfb5cde085186493609f37579"', 'x-cache': 'RefreshHit from cloudfront', 'via': '1.1 851117d0ba7b2cbe0cf02406c40397d8.cloudfront.net (CloudFront)', 'x-amz-cf-pop': 'GIG51-C2', 'x-amz-cf-id': 'mN-pc-ggotwdc2OuU_yshN2m1EOWWD5Ci6xv-vhvEZuVx8g6YtwhYw==', 'Cache-Control': 'max-age=14400', 'CF-Cache-Status': 'HIT', 'Age': '879', 'Accept-Ranges': 'bytes', 'Expect-CT': 'max-age=604800, report-uri="https://report-uri.cloudflare.com/cdn-cgi/beacon/expect-ct"', 'Report-To': '{"endpoints":[{"url":"https:\\/\\/a.nel.cloudflare.com\\/report\\/v3?s=gHUL5hAFnE5%2BaoWS235fAWDCjrJxJoDskT5iQRPzHApi%2FyNdAH2JGzmBVuPIs15ZxmjQlrqf%2FuN0dFXUBQtNlm%2Ba%2Fs3%2Fg3uqZhPD8ozWGHRXOCkn%2B4KjquRCA7Ps2XIsq5q7dO79eFdJ0TveX7KigaM%3D"}],"group":"cf-nel","max_age":604800}', 'NEL': '{"success_fraction":0,"report_to":"cf-nel","max_age":604800}', 'Vary': 'Accept-Encoding', 'Server': 'cloudflare', 'CF-RAY': '6e233c9cdc6162a7-BSB', 'alt-svc': 'h3=":443"; ma=86400, h3-29=":443"; ma=86400'} 
 body=����JFIF��C		��C

���"������ߥS=��*��e$�$����=��,�:넒��H@;;��i�c�m.8C}tD�A��S����o|��nY�Ц&gt;�k��+�M�7^#��+�y�|a����P��t˰��)?(,f߻�����.��O�=B�y�sW��b��/V̘Yw���Vo�U�Mz,�M-ǟ��U�Ď_a@��7����; ���Cm�}/����9�S2����Ηf�u3���b��S�ރr����R^պ�c�Hh��"Y�Z�4���o�%I\�*6��z?�\�i��ԢD@���i����Z����k�H�}/5��5�1����#f�t�L:Ҹ�sg�Ѱ�T�B��G������]h޷�m�&lt;�C8��U�V?`�IX�BI��W��qj3SQ�FM�2F����Ұ�U���e$�I!$����(���N�͆���dUf�+�xT�����$�I!$��HY�%��$�&lt;����;�cΈ������%����BI	$,Λ#5V!�%���d1�-F�f٪~`ۛ�F��IX�BK�0�����O�&lt;�Y}m	�TԳT2m�SfA`rhn&gt;*פ�$�E�&gt;Z@�$ݜc�2��{�=Ii��U&gt;6��\�pvpۯI^I$7�7�s43�j��lD3��o�[nVe}yQL�x�^�h kf���H��X	����b���&amp;f����pAK#��&lt;�6������פ�4�"�M�y��'�=7�ƭd.[7FU��؎�d3��U���D[�����qk)h��"�=&gt;�=!o�NV2�#b��.�FI9��K_Hh��3�@+d]@����k������zJI�f���6Ih�!B�-�s�s�����א0�ĕ��.\���҄H�M�
x�Ϋ&amp;�TOc�B u��z����$����%�h�c�(�׹��.���B9�L�%kUzĂ����a��\�N�F��g޸�q޷�z�3���XbΜ
�V�qܽ�IJ��S��Ϋ����f�a���`lіrg/�BKr������0r$� J��P��׊��[ZCa%�m&lt;5p�8_MFIy=I�Dnx�gR����Խ4�i@�,sW�+:V_�$w��?K;���ޓ^sT�ݝK47�Y�X���M�:%��i\�ޜI��⃜����Z1������^ƕ��`�&lt;�Wچ�m t�y�=�9%�2�Ƌ��B��VK^�����&lt;bpy�F;�$07
�e8�'R�qr�%{UnP��ŗSlrBq쐑�4�G�.§��*E���X!�+g�P�+l�dM����Z�$bIcD���"�2�U�s�Z�!9u��Y���oPHq[�&amp;Q�y�q��YP%�q�
�uńM��͝��!���i��ʲ"u�W���K�6y!�I�-�C_Ky�
�����I�+�U���`��(�&lt;�m(Y4�&lt;�8�d�%��&lt;Ny�GUV��&lt;�f�v���&lt;�(!��&lt;��ܙC���ÔΧ�&lt;Wf���-��)q�r'Q��Yʖ`�|�st��]��A����7���D2��kD&gt;,��Q,ΑW&lt;�p��f�N���|a�n��&lt;��m��Yk4���`M���ɛy������o�X�Z�N���aKs�}�x����Oe�Z����˘���-��|��[�/��yP�$@��W�)����Ϋ!M(�*���8?_�"��Uc��,�l�E��@�0�D�01,2�&amp;(�C�" �����v�&gt;c��ǔ������J�y��"���;^`�ԍ�����A5t�4/����`P`�(#M�z���.�q�ß�d�BGq)���%=,�����L	t5��4��l1R� P4��ZDr�]%��"�7�$�gt2Fp?5	�Ue�l��$ 	1�� 6Tʂ|�1�Ǵp���"! 1A0Q@q��?n�!;��*"�pw葪�������Y���w�x��[��hD���&amp;�bvE��[�/,"LBvD�I{ňD�.͔G��X�(b{���oN����П��aau�=rB�(��b�����v�M��"����z&amp;�H����g��'o/�QKf�\&amp;�Yl�o�M�x��u�w�(��1�˲�i%�&lt;ȋ�7�XX��.ȪV����K�%�pLEfw�Dn�
ŗ��줐�\�й.eS�Y�������bu�Vk6P�
,e~�|�^i]�\������v��$!1 A"2Q��?��#��d����Y�=�k�W�[�5;�e���KfK(��\L�b0r�xJ=�(��D[jМ���Էb:��:o�MS3�9���c�$n;i����+tt��64�ɎPv��8�S��]zc,I����3�n/I���z3*�����5�w�e�Ǹ�&amp;㹛"J�:E�E3$;�b������,$�n/\�&gt;b�T���]��V��Fe��œ�fZj�Z=���c7�MZ��L���.��5�H�#�~]2�1�tqMSL�1��^`��c�#$�16�b^&lt;.V��Y�M�_��pFI�t�W��^�gq+r �~챴��3��2VCnD-zm�Fu�GMd1!�ġ-pơ�f��Q������%���v=ob�קIc�Oql�{��F�C,���r���[�p"����hc+m��[N�+V6-o_�).�ZV�6!i^�^wf��L�F�~���
i�������)�3#��	;�nN��r:�N���CU��\�՝���h��-R�2�lM1�b�����Ѕ�b���;�l[�)~���O�K/K�;*�露���K!1A"Qa2q�#BR�� ����3�$0br��	C&amp;4Dc���d����?�c5�&lt;�,��_�����I:�K�No��h[.�ij�.{�����vņ9��+���
�lϊsw�I�S��/c!�=Y��Ը��x��晭DN�����iE��k��}�8�T��;H�[+���3uQf#��E�7�CKՎ������9k�gf��]Jgy�N�9hcg�v����X��`r�i�cY�gu&lt;1��	D����U�*4�6(���7��ܷU�2��
ڸ���?sSB�1:^@��ѝjo{��euy]Y?�U���U,��bY;��q�(�����x�N#��+��hҮ� ��#�߈m�8&lt;�w��:��e&lt;�H�#1� V�1���,�jb:�zc�ǽ,���Ig]E�v.��l?���d�{D�&gt;i?�s*U̠V&lt;���rXt��_�\u�qYù%g��N[O.gB�:Z��aS}J��sq����duui�AO$��O��q�ʈ���j�F���$������܂X]��6��yfk���=ea��4�,�P��˝6,-��0$\���pęA�����ib	�R���6�}q���|+Ŕ��a1����Փ������&amp;�ۯ��ee&amp;a��]CSM4�)�p��y#b1�\g|I��LR��A���g�{Xa{Y�f5)G�f��#2GLm�Io��ґV��3x`�o߲�I�6��Z���ʳ����&gt;1�Ǿ��U!��L�V�(жV�{pv`�ѵ\�j4���tǰ���ә\�@E��OU*��\X���qYuT��J.�##�0E�+z(3,�7�����5#7�"3��v� �ǈ(V��8G����Z

x!����v�+I*0k�\��&lt;���h&lt;Q��ULUF�e���LIʻ}�\�����Y�ZpMNW4q�Uh��Q{�,����e�x焸�p�REnNX�6Y;��t&amp;0wS��S�A���&gt;q7�\�(i�R��$���Y$�nHNX��&lt;�4��j����X�
�'{�̓k��1��yU�4�C�B������t�q�{�歗e���M���J�	%�Z��_��v��O4�w�EQK4z���ʒ���d6ku�Q�Ǵ��eI�er�*��A�����c."�,��Ț�Hj��A��q����c�/���޳���ȫ!�n�xijB���;"�LP�P����b���R�N��f�@pw\�|#+(e �.;W�QPD%����6`��P�ry����ُ�4�Y��W
�j`ָF-`�B����?��WL�����-��Q{��è�GL'g|[��QT&amp;\�����O:��+x�G?,U�?K��Ԯ_K�Bg�	�$��ZB���/`NVc?���ޢj�б�w/{BE�E-mϙ��Bه�,�-u�Q��F�n&gt;Z�qbmא������^$�3)2���1�}DlY�~���g�p�C��&lt;Y�M\!��I
��y1�|�0��SVQe��mx\�b�VQӝ��M�w�I�3SE(�X�9
ŉ%ɵ��Ϧ87+� �����R&amp;��ʔ�I]WIvf�~"2|��Ue�4]�[P��J�TU)*�n����KI��E���,IYѣ9��?�G5 躞X����.�r�׸��aɟ3��5)OH��`P��]}��F��������83���sX���&gt;��� 	e%@ z�{d��+��2��:7I� 7����s�~B�k�z�d�Ľ��ӗ�\A��fuՕ�diwZXTꐄ
����eE��y�s���v�fU,U\�=�(s\��&amp;�7���J�Y��퐋������TI��!��V��x���]ÏQl{$fuy���	��O$�	�����F���d������j����E�$Z�VM���y#(���Slv��o��˪�Z�]OL��4,�����g�G�۟d݄I[�+Y��T�� 
`IH���`u3.Ý�1�%S�����'-��%FX(�)T�#Qe&amp;�._&lt;vkKSY�ƩY����7��3|�u���kM��*iRb����nl���y�&lt;Jj�6����o�@�&amp;�4��_����ϫ�)3b7�uv�*�d�r$Z��c�j��'����_u�*"�������\	C�`�OWd��_����ڿ�Wj�C��z��I����h�@m'{��o\ey�S��'Ng�}�U�I
��&amp;���*ϲ�6�=\�/J�f�1���$ra��ǲQe�]�7{��&gt;�!� �Qt� �,��c�h��x;6��5�:�	�d~L6&gt;�㲪
�����G�&amp;z�����QHb:�4F�m;�{�r�'��2�����c�cة���{���e�Z���)�\}��� s�{��\��;V�^��l�a��w�wh�^���r�v��/�J� ��0U0��N��l����g�E��q���R{��MݵD�K���E@��"�qGSϓ�LЄE�iO{��������5fg��L��h�R����M����6oCY��ޛH�G=�_B:Ⓘ��{�)mQt�Æ&lt;�����/,e�~�;���5#x��?���eqwe9m �i�f����&gt;)�ᵍ�Q�Xi)c�Б(P+����2���J����H�Ꭺx��af?[_���L���-���yo��pewq���E����{��]�Ù�!���j&gt;��/R)�`Xc�6�ݏ�7'��������dda�E�_KM��&gt;j��)���;�����c�/�*8���t�&amp;i+r��iY�ْ�F'��8�嚺�qr��0��c�nҳl����8��_(��z0��B*���`[��~x�vi��Y��N�l�lKt��;zz��¦i*D��n�Ƒ5�:E�6�X�k�W��/�!Vi"MEF���nd��)&amp;cY���S���#������4��I.�}EM�}1W��P^t��������|P��P�S�\1m���l��4�J��Fܿ��a'y3��4����e��Pk�Y�n���!������y�,q!wc�rq��3�GV���i���oe@J�u�gז;#�����)d�cH����F����r:�]c��#�pT6���������"���53�jMI!³���;+\[}��������X2��$�ɟ2D��,�L��`���.�c�ӆ����S4���	����3N�� 
n|$����@#��d�l{+�+e�SY:-%&amp;`��F�x���ʎ�0�桫�e����,mɔ��k�
������i&gt;�Q+�c�|�� ����U�D������I@w������I%1�Z�r-���(�r
��&amp;젞[��ya�x Y���Y�vR�$/o��1�Y�apl�A}W����Ud���2q��Z������}^U���Z�)i��eҲ0a����ϩ}�$����;�������2����H'-�$��"�X����������ܷ���MWM�Ř�#J_��}0�L��X�t�.�b�c�o��js����E"�+#25�6W��"���Tv��pU=4y�5S�⎎'���}�7��\�=gZ�S�&gt;�C,�B��c9�jܚ%`"1A ���v�E.��M��mg�����ӊۍ{�8�Y��,u-}̩�b~v��V,rǴ�I�&lt;������e�� ld��ב�c�i�t��PQ�r�� � ��,L��$�UZUIs�b�2�J���]Vm6���z��*�HQ��_J�|�����g�Ķ���Pj+�w$����@6��Se�p����{ !+*a���5�z���؇��枣^e�fuJ���M�_v'�6�nY��S�fi�H�-$sɬ�+r���۞��`��d}�prg9d�T$%}��4���ԍ����]�V�g/PA�uI�tX�й��?���n���f(#��r}kԏ"6��� ���S�*	�+�jF��JԐ����6��ǳ�UqM7�MQ9�����$�˧_3�ጋ�r����z8�lJ'��Y���'�8���jc���y"��!׽��h�O�H� �!ܜ��U3d���L�Z+)���O�����$eH˳U$�ز�Wv����p���Mv:&gt;3`Xs�د�#!�۠�&gt;bؖ�� wr�o�o�m��#�\�+-���{8�5'drfQ-]L���p-�R�UP��ץ�#�Գj����$q�	'�&lt;�#˝��,4p�]�$h�dV;�����U�@��/ˈ�A�&gt; +��&lt;{?��vc���9~U��:�p]�#ذ/Ѓv�l7�E{�$񄨣���]nH�0�ǵ/f��g}�����#TvcM'=5�#�b7�cm�����FB�ۭ��Z:Z�X�uN^6/p��N=�8?5�8ҏ9h$�/���Y�X;�!Py���A�&lt;Y�C�ݢF-mlGy%�Xm��T5P Q�5�����ev�Ach�����3�b���h�`rŶ�=����#��r��XVVY{�������~_\v�OI?{ �,��K)fa��§��wMM`�*� ��6�a늊t��:]������bz��=�(�F�ًs ��ǳ��KU]�W�5gL�w��Y�B1=���)��Q���I[��6��0�q�UC(��bGŶ�~��2��Z�^�jJ{�$�F�U?���yl9�vCéKÆ�2F1��D	����~B���\GI�eYDl�jW:���"=�x�����������T�)�gP�@����gռ3��*�A����/!s���vS�|mGGOCE� �U���[�+~d�c�r&lt;���|�.�c��ݍ��_����J&gt;�g:�((厘7�G,��eo+���dK$[I&lt;#��q����4�H��X��o/��q�&lt;m��b$_|�QOZ�m2(6�e���c9̩2��J�ٖbfc�3��8�8����V��XɱT��ש�s��I����Gt��ϐ��34��R�%�Dj���n^���h�M�x��m��XBu�(W�,vF#}���#��6,UY
���/���M�9�4�wu���j䲶����[	ŕ��]-;�MNX02"x�~|��q�H��2��c���w�0��o��q�v��f��E���~ʚ�X�f�7ǰ���(��5�xT!��H:��&lt;m�$��&lt;��ӆ�G��[EM���GG
CK�E���n��l�-�Hi�"v��a�*۠c�&lt;v��8��BavU/e�s�Kau�Z�BV?p��g^�+�&gt;�b�S$�d�"��:��V_&amp;RM����l��Kƒ����PC��M%��'b[��g��h�[�=A���;nO_#m��W��t
�VJw������v����*g��p�KX��Zߦ�̅,�� Rn�7oRz����U��`����OT#[k��j�����Ud:��1a��-�3ngӦ2��Y��Hܤvf�ͣ��E��-f�!�dB7���7	��:Ar.�|�����:�*�v�)i�YK!���8k0�4�i3dWJ�VK�+�����S�`��̲	��T�{�"�ܠ][��/�5�Z����2��J��k}0��ظ@�Y���o?&lt;R�a,!4�H�նߠ�uLB�'��!F��v�t�w�L��iS�����~XY	���B���o�|e�U�,�Y��n|v�.����S�$��s��l�U5w؝��9bh��Ҭ�ǹ&amp;����
L�\Ak�|�@Z)�C[puu#����e���m.)ƒ�}C�z�&amp;Y��-ߤ,�����I��1�o$�T�b;��鐨դg�y�9�e�ӫ�z	L|�0����X������SSm&amp;hTN�;���zy�TA�Fd�����OO/&lt;f$�ˬ-��o�c�bviScc�u����P��cO����8M2�3(���]!�����S��!Ti5���q&gt;�c�%cT�������K���:�21�����.��X��F��tu���F(�1�{���qX��P�~�Mή�⊞G�G���B�NW������s7���-ǖ=�+%J�ܳ^��.����xrǵG��tM:j��$5
?v���F3he�Ŵ%��-�6��z�&lt;�:���okb6&amp;�#kO����0T��v�+Ć6&amp;Ť&gt;+��`�������X����b��1��T�TRok���������#�Б��|�\V�H�1K �-u���!�I1'�z7���+���@��̏���J�l���7+�1Ó����A�#��;��+R��Wج��s&lt;���c��4�����V5k���խ˨V���ysǵ��¼w���ש���~"O�,q&lt;U�]��E��zm��:7]C
܅ԕm�_�Lz�b�~]q��ĕ��-r,C�Y��tح����`��NY��*l[�����0�a��/�����sJR2�Hn��?�L+5�t��܏&lt;1�r�
.m{6���0k�0b���ߚ���q�e�8&amp;�k�:d�m�����=��R���])ޣ��Tl����|_o���);A��r��_LZ	�ݒ�	�nG�c���مe=-u3�SN���*1���q�Di�97$|G���\����v??\Kh��ױ�qE�a&amp;��v�4�S!K1}
��j���a�"�!޺��YM�$�ly�`CRQ��_~}/����5n���1�B�!bi��q���e�f��'��K�ԭۻ��.��]lq�s
iRh�Ɇw��m/��r��~��B��^��@�z$�Q��%E�ж/���{��;�5٭$�V�TҸF{r�,CXm�i�g��˧Ͳ��ʁf*5Dm��y_���z	Q���y�-���4&lt;�|�ycGuPX��?��5�ƖA�1��ru)��w���*�5&lt;�WƠ׹a����I$q��}~c���IT�w
Z%:5ͺ�&lt;��)��}Q�+Y��T�%Q5�;��l�JY��h�$�*-�k��b���3&gt;&amp;��E,����^��`���q�e�9�[-cMM,�H�V��l�˔ukS�pL�A2.]0��Xߧ�7���.�,�� �����7),oH;�yc&gt;���b���d��[K6��q|Kx�# �f$�;�������g�\��^],@6om����H�P�T��i.y�=��!"V�cc����(P�����1*KIZ�!��ۻ]Ϋ�*�=YDR�Dїr��l=o�,{��v)5Dh�{Ԓ�񩶓������u|{F�UCǜ?%eKuM�[xQ��ɏ,v��-�=LmD�jA-skzd���;�tS�r�c7�S,j�I���ſ;c�ቲ��H�6�{oa{��,2���Hu�o`y\��E�qQ����dV�����o���J�,J��... (set the log level to DEBUG or TRACE to see the full content) 
 </msg>
<status status="PASS" starttime="20220223 17:34:45.237" endtime="20220223 17:34:45.609"/>
</kw>
<kw name="Choose File" library="RPA.Browser.Selenium">
<arg>imagem</arg>
<arg>D:\\teste-rpa-robot\\output\\imagem.jpg</arg>
<doc>Inputs the ``file_path`` into the file input field ``locator``.</doc>
<msg timestamp="20220223 17:34:45.609" level="INFO">Sending D:\teste-rpa-robot\output\imagem.jpg to browser.</msg>
<status status="PASS" starttime="20220223 17:34:45.609" endtime="20220223 17:34:45.635"/>
</kw>
<kw name="Click Button" library="RPA.Browser.Selenium">
<arg>Cadastrar</arg>
<doc>Clicks the button identified by ``locator``.</doc>
<msg timestamp="20220223 17:34:45.636" level="INFO">Clicking button 'Cadastrar'.</msg>
<status status="PASS" starttime="20220223 17:34:45.636" endtime="20220223 17:34:45.673"/>
</kw>
<kw name="Wait Until Page Contains Element" library="RPA.Browser.Selenium">
<arg>css=[data-testid="cadastrar-produtos"]</arg>
<doc>Waits until the element ``locator`` appears on the current page.</doc>
<status status="PASS" starttime="20220223 17:34:45.673" endtime="20220223 17:34:45.679"/>
</kw>
<kw name="Click Link" library="RPA.Browser.Selenium">
<arg>css=[data-testid="cadastrar-produtos"]</arg>
<doc>Clicks a link identified by ``locator``.</doc>
<msg timestamp="20220223 17:34:45.679" level="INFO">Clicking link 'css=[data-testid="cadastrar-produtos"]'.</msg>
<status status="PASS" starttime="20220223 17:34:45.679" endtime="20220223 17:34:45.711"/>
</kw>
<status status="PASS" starttime="20220223 17:34:43.671" endtime="20220223 17:34:45.711"/>
</kw>
<status status="PASS" starttime="20220223 17:34:43.671" endtime="20220223 17:34:45.711"/>
</iter>
<iter>
<var name="${product_sell}">{'Nome': 'Aspirador de pó', 'Preço': 300.0, 'Descrição': 'Aspira e varre.', 'Quantidade': 65.0}</var>
<kw name="Register Product">
<arg>${product_sell}</arg>
<kw name="Sleep" library="BuiltIn">
<arg>1</arg>
<doc>Pauses the test executed for the given time.</doc>
<msg timestamp="20220223 17:34:46.719" level="INFO">Slept 1 second</msg>
<status status="PASS" starttime="20220223 17:34:45.712" endtime="20220223 17:34:46.719"/>
</kw>
<kw name="Click Link" library="RPA.Browser.Selenium">
<arg>css=[data-testid="cadastrar-produtos"]</arg>
<doc>Clicks a link identified by ``locator``.</doc>
<msg timestamp="20220223 17:34:46.719" level="INFO">Clicking link 'css=[data-testid="cadastrar-produtos"]'.</msg>
<status status="PASS" starttime="20220223 17:34:46.719" endtime="20220223 17:34:46.755"/>
</kw>
<kw name="Input Text" library="RPA.Browser.Selenium">
<arg>nome</arg>
<arg>${product_sell}[Nome]</arg>
<doc>Types the given ``text`` into the text field identified by ``locator``.</doc>
<msg timestamp="20220223 17:34:46.756" level="INFO">Typing text 'Aspirador de pó' into text field 'nome'.</msg>
<status status="PASS" starttime="20220223 17:34:46.755" endtime="20220223 17:34:46.828"/>
</kw>
<kw name="Input Text" library="RPA.Browser.Selenium">
<arg>price</arg>
<arg>${product_sell}[Preço]</arg>
<doc>Types the given ``text`` into the text field identified by ``locator``.</doc>
<msg timestamp="20220223 17:34:46.828" level="INFO">Typing text '300.0' into text field 'price'.</msg>
<status status="PASS" starttime="20220223 17:34:46.828" endtime="20220223 17:34:46.887"/>
</kw>
<kw name="Input Text" library="RPA.Browser.Selenium">
<arg>css=[data-testid="descricao"]</arg>
<arg>${product_sell}[Descrição]</arg>
<doc>Types the given ``text`` into the text field identified by ``locator``.</doc>
<msg timestamp="20220223 17:34:46.887" level="INFO">Typing text 'Aspira e varre.' into text field 'css=[data-testid="descricao"]'.</msg>
<status status="PASS" starttime="20220223 17:34:46.887" endtime="20220223 17:34:46.953"/>
</kw>
<kw name="Input Text" library="RPA.Browser.Selenium">
<arg>quantity</arg>
<arg>${product_sell}[Quantidade]</arg>
<doc>Types the given ``text`` into the text field identified by ``locator``.</doc>
<msg timestamp="20220223 17:34:46.954" level="INFO">Typing text '65.0' into text field 'quantity'.</msg>
<status status="PASS" starttime="20220223 17:34:46.953" endtime="20220223 17:34:47.018"/>
</kw>
<kw name="Http Get" library="RPA.HTTP">
<arg>https://api.thecatapi.com/v1/images/search</arg>
<arg>overwrite=True</arg>
<doc>A helper method for ``Get Request`` that will create a session, perform GET
request, and store the target file, if set by the ``target_file`` parameter.</doc>
<msg timestamp="20220223 17:34:47.018" level="INFO">Using already existing HTTP session</msg>
<msg timestamp="20220223 17:34:47.206" level="INFO">GET Request : url=https://api.thecatapi.com/v1/images/search 
 path_url=/v1/images/search 
 headers={'User-Agent': 'python-requests/2.27.1', 'Accept-Encoding': 'gzip, deflate', 'Accept': '*/*', 'Connection': 'keep-alive'} 
 body=None 
 </msg>
<msg timestamp="20220223 17:34:47.206" level="INFO">GET Response : url=https://api.thecatapi.com/v1/images/search 
 status=200, reason=OK 
 headers={'x-dns-prefetch-control': 'off', 'x-frame-options': 'SAMEORIGIN', 'strict-transport-security': 'max-age=15552000; includeSubDomains', 'x-download-options': 'noopen', 'x-content-type-options': 'nosniff', 'x-xss-protection': '1; mode=block', 'vary': 'Origin', 'expires': 'Tue, 03 Jul 2001 06:00:00 GMT', 'last-modified': 'Wed Feb 23 2022 20:34:47 GMT+0000 (Coordinated Universal Time)', 'cache-control': 'post-check=0, pre-check=0', 'content-type': 'application/json; charset=utf-8', 'x-response-time': '2ms', 'X-Cloud-Trace-Context': '2f7f3f1fe0e1893e842f51e28df83428', 'Date': 'Wed, 23 Feb 2022 20:34:47 GMT', 'Server': 'Google Frontend', 'Content-Length': '99'} 
 body=[{"breeds":[],"id":"kj","url":"https://cdn2.thecatapi.com/images/kj.png","width":500,"height":326}] 
 </msg>
<status status="PASS" starttime="20220223 17:34:47.018" endtime="20220223 17:34:47.206"/>
</kw>
<kw name="Download" library="RPA.HTTP">
<arg>https://cdn2.thecatapi.com/images/ebv.jpg</arg>
<arg>${OUTPUT_DIR}${/}imagem.jpg</arg>
<doc>An alias for the ``HTTP Get`` keyword.</doc>
<msg timestamp="20220223 17:34:47.207" level="INFO">Using already existing HTTP session</msg>
<msg timestamp="20220223 17:34:47.255" level="INFO">GET Request : url=https://cdn2.thecatapi.com/images/ebv.jpg 
 path_url=/images/ebv.jpg 
 headers={'User-Agent': 'python-requests/2.27.1', 'Accept-Encoding': 'gzip, deflate', 'Accept': '*/*', 'Connection': 'keep-alive'} 
 body=None 
 </msg>
<msg timestamp="20220223 17:34:47.583" level="INFO">GET Response : url=https://cdn2.thecatapi.com/images/ebv.jpg 
 status=200, reason=OK 
 headers={'Date': 'Wed, 23 Feb 2022 20:34:47 GMT', 'Content-Type': 'image/jpeg', 'Content-Length': '28025', 'Connection': 'keep-alive', 'last-modified': 'Thu, 27 Sep 2018 01:09:17 GMT', 'etag': '"236b60fbfb5cde085186493609f37579"', 'x-cache': 'RefreshHit from cloudfront', 'via': '1.1 851117d0ba7b2cbe0cf02406c40397d8.cloudfront.net (CloudFront)', 'x-amz-cf-pop': 'GIG51-C2', 'x-amz-cf-id': 'mN-pc-ggotwdc2OuU_yshN2m1EOWWD5Ci6xv-vhvEZuVx8g6YtwhYw==', 'Cache-Control': 'max-age=14400', 'CF-Cache-Status': 'HIT', 'Age': '881', 'Accept-Ranges': 'bytes', 'Expect-CT': 'max-age=604800, report-uri="https://report-uri.cloudflare.com/cdn-cgi/beacon/expect-ct"', 'Report-To': '{"endpoints":[{"url":"https:\\/\\/a.nel.cloudflare.com\\/report\\/v3?s=mf8ldZM9lc3Cy%2FJFd92fV3mWI%2F95ytyr0sMxC4DA0guqhqD20WT6dlZ9FK5RKZfrlXojM4Gzbq%2BJEGMChx018pLx0WbUYbXxdomdbLHb7S2dXFShMe%2B%2BqytbjKM8vxMp4sYjnNF223hJ%2Bi2orggp5is%3D"}],"group":"cf-nel","max_age":604800}', 'NEL': '{"success_fraction":0,"report_to":"cf-nel","max_age":604800}', 'Vary': 'Accept-Encoding', 'Server': 'cloudflare', 'CF-RAY': '6e233ca9298762a7-BSB', 'alt-svc': 'h3=":443"; ma=86400, h3-29=":443"; ma=86400'} 
 body=����JFIF��C		��C

���"������ߥS=��*��e$�$����=��,�:넒��H@;;��i�c�m.8C}tD�A��S����o|��nY�Ц&gt;�k��+�M�7^#��+�y�|a����P��t˰��)?(,f߻�����.��O�=B�y�sW��b��/V̘Yw���Vo�U�Mz,�M-ǟ��U�Ď_a@��7����; ���Cm�}/����9�S2����Ηf�u3���b��S�ރr����R^պ�c�Hh��"Y�Z�4���o�%I\�*6��z?�\�i��ԢD@���i����Z����k�H�}/5��5�1����#f�t�L:Ҹ�sg�Ѱ�T�B��G������]h޷�m�&lt;�C8��U�V?`�IX�BI��W��qj3SQ�FM�2F����Ұ�U���e$�I!$����(���N�͆���dUf�+�xT�����$�I!$��HY�%��$�&lt;����;�cΈ������%����BI	$,Λ#5V!�%���d1�-F�f٪~`ۛ�F��IX�BK�0�����O�&lt;�Y}m	�TԳT2m�SfA`rhn&gt;*פ�$�E�&gt;Z@�$ݜc�2��{�=Ii��U&gt;6��\�pvpۯI^I$7�7�s43�j��lD3��o�[nVe}yQL�x�^�h kf���H��X	����b���&amp;f����pAK#��&lt;�6������פ�4�"�M�y��'�=7�ƭd.[7FU��؎�d3��U���D[�����qk)h��"�=&gt;�=!o�NV2�#b��.�FI9��K_Hh��3�@+d]@����k������zJI�f���6Ih�!B�-�s�s�����א0�ĕ��.\���҄H�M�
x�Ϋ&amp;�TOc�B u��z����$����%�h�c�(�׹��.���B9�L�%kUzĂ����a��\�N�F��g޸�q޷�z�3���XbΜ
�V�qܽ�IJ��S��Ϋ����f�a���`lіrg/�BKr������0r$� J��P��׊��[ZCa%�m&lt;5p�8_MFIy=I�Dnx�gR����Խ4�i@�,sW�+:V_�$w��?K;���ޓ^sT�ݝK47�Y�X���M�:%��i\�ޜI��⃜����Z1������^ƕ��`�&lt;�Wچ�m t�y�=�9%�2�Ƌ��B��VK^�����&lt;bpy�F;�$07
�e8�'R�qr�%{UnP��ŗSlrBq쐑�4�G�.§��*E���X!�+g�P�+l�dM����Z�$bIcD���"�2�U�s�Z�!9u��Y���oPHq[�&amp;Q�y�q��YP%�q�
�uńM��͝��!���i��ʲ"u�W���K�6y!�I�-�C_Ky�
�����I�+�U���`��(�&lt;�m(Y4�&lt;�8�d�%��&lt;Ny�GUV��&lt;�f�v���&lt;�(!��&lt;��ܙC���ÔΧ�&lt;Wf���-��)q�r'Q��Yʖ`�|�st��]��A����7���D2��kD&gt;,��Q,ΑW&lt;�p��f�N���|a�n��&lt;��m��Yk4���`M���ɛy������o�X�Z�N���aKs�}�x����Oe�Z����˘���-��|��[�/��yP�$@��W�)����Ϋ!M(�*���8?_�"��Uc��,�l�E��@�0�D�01,2�&amp;(�C�" �����v�&gt;c��ǔ������J�y��"���;^`�ԍ�����A5t�4/����`P`�(#M�z���.�q�ß�d�BGq)���%=,�����L	t5��4��l1R� P4��ZDr�]%��"�7�$�gt2Fp?5	�Ue�l��$ 	1�� 6Tʂ|�1�Ǵp���"! 1A0Q@q��?n�!;��*"�pw葪�������Y���w�x��[��hD���&amp;�bvE��[�/,"LBvD�I{ňD�.͔G��X�(b{���oN����П��aau�=rB�(��b�����v�M��"����z&amp;�H����g��'o/�QKf�\&amp;�Yl�o�M�x��u�w�(��1�˲�i%�&lt;ȋ�7�XX��.ȪV����K�%�pLEfw�Dn�
ŗ��줐�\�й.eS�Y�������bu�Vk6P�
,e~�|�^i]�\������v��$!1 A"2Q��?��#��d����Y�=�k�W�[�5;�e���KfK(��\L�b0r�xJ=�(��D[jМ���Էb:��:o�MS3�9���c�$n;i����+tt��64�ɎPv��8�S��]zc,I����3�n/I���z3*�����5�w�e�Ǹ�&amp;㹛"J�:E�E3$;�b������,$�n/\�&gt;b�T���]��V��Fe��œ�fZj�Z=���c7�MZ��L���.��5�H�#�~]2�1�tqMSL�1��^`��c�#$�16�b^&lt;.V��Y�M�_��pFI�t�W��^�gq+r �~챴��3��2VCnD-zm�Fu�GMd1!�ġ-pơ�f��Q������%���v=ob�קIc�Oql�{��F�C,���r���[�p"����hc+m��[N�+V6-o_�).�ZV�6!i^�^wf��L�F�~���
i�������)�3#��	;�nN��r:�N���CU��\�՝���h��-R�2�lM1�b�����Ѕ�b���;�l[�)~���O�K/K�;*�露���K!1A"Qa2q�#BR�� ����3�$0br��	C&amp;4Dc���d����?�c5�&lt;�,��_�����I:�K�No��h[.�ij�.{�����vņ9��+���
�lϊsw�I�S��/c!�=Y��Ը��x��晭DN�����iE��k��}�8�T��;H�[+���3uQf#��E�7�CKՎ������9k�gf��]Jgy�N�9hcg�v����X��`r�i�cY�gu&lt;1��	D����U�*4�6(���7��ܷU�2��
ڸ���?sSB�1:^@��ѝjo{��euy]Y?�U���U,��bY;��q�(�����x�N#��+��hҮ� ��#�߈m�8&lt;�w��:��e&lt;�H�#1� V�1���,�jb:�zc�ǽ,���Ig]E�v.��l?���d�{D�&gt;i?�s*U̠V&lt;���rXt��_�\u�qYù%g��N[O.gB�:Z��aS}J��sq����duui�AO$��O��q�ʈ���j�F���$������܂X]��6��yfk���=ea��4�,�P��˝6,-��0$\���pęA�����ib	�R���6�}q���|+Ŕ��a1����Փ������&amp;�ۯ��ee&amp;a��]CSM4�)�p��y#b1�\g|I��LR��A���g�{Xa{Y�f5)G�f��#2GLm�Io��ґV��3x`�o߲�I�6��Z���ʳ����&gt;1�Ǿ��U!��L�V�(жV�{pv`�ѵ\�j4���tǰ���ә\�@E��OU*��\X���qYuT��J.�##�0E�+z(3,�7�����5#7�"3��v� �ǈ(V��8G����Z

x!����v�+I*0k�\��&lt;���h&lt;Q��ULUF�e���LIʻ}�\�����Y�ZpMNW4q�Uh��Q{�,����e�x焸�p�REnNX�6Y;��t&amp;0wS��S�A���&gt;q7�\�(i�R��$���Y$�nHNX��&lt;�4��j����X�
�'{�̓k��1��yU�4�C�B������t�q�{�歗e���M���J�	%�Z��_��v��O4�w�EQK4z���ʒ���d6ku�Q�Ǵ��eI�er�*��A�����c."�,��Ț�Hj��A��q����c�/���޳���ȫ!�n�xijB���;"�LP�P����b���R�N��f�@pw\�|#+(e �.;W�QPD%����6`��P�ry����ُ�4�Y��W
�j`ָF-`�B����?��WL�����-��Q{��è�GL'g|[��QT&amp;\�����O:��+x�G?,U�?K��Ԯ_K�Bg�	�$��ZB���/`NVc?���ޢj�б�w/{BE�E-mϙ��Bه�,�-u�Q��F�n&gt;Z�qbmא������^$�3)2���1�}DlY�~���g�p�C��&lt;Y�M\!��I
��y1�|�0��SVQe��mx\�b�VQӝ��M�w�I�3SE(�X�9
ŉ%ɵ��Ϧ87+� �����R&amp;��ʔ�I]WIvf�~"2|��Ue�4]�[P��J�TU)*�n����KI��E���,IYѣ9��?�G5 躞X����.�r�׸��aɟ3��5)OH��`P��]}��F��������83���sX���&gt;��� 	e%@ z�{d��+��2��:7I� 7����s�~B�k�z�d�Ľ��ӗ�\A��fuՕ�diwZXTꐄ
����eE��y�s���v�fU,U\�=�(s\��&amp;�7���J�Y��퐋������TI��!��V��x���]ÏQl{$fuy���	��O$�	�����F���d������j����E�$Z�VM���y#(���Slv��o��˪�Z�]OL��4,�����g�G�۟d݄I[�+Y��T�� 
`IH���`u3.Ý�1�%S�����'-��%FX(�)T�#Qe&amp;�._&lt;vkKSY�ƩY����7��3|�u���kM��*iRb����nl���y�&lt;Jj�6����o�@�&amp;�4��_����ϫ�)3b7�uv�*�d�r$Z��c�j��'����_u�*"�������\	C�`�OWd��_����ڿ�Wj�C��z��I����h�@m'{��o\ey�S��'Ng�}�U�I
��&amp;���*ϲ�6�=\�/J�f�1���$ra��ǲQe�]�7{��&gt;�!� �Qt� �,��c�h��x;6��5�:�	�d~L6&gt;�㲪
�����G�&amp;z�����QHb:�4F�m;�{�r�'��2�����c�cة���{���e�Z���)�\}��� s�{��\��;V�^��l�a��w�wh�^���r�v��/�J� ��0U0��N��l����g�E��q���R{��MݵD�K���E@��"�qGSϓ�LЄE�iO{��������5fg��L��h�R����M����6oCY��ޛH�G=�_B:Ⓘ��{�)mQt�Æ&lt;�����/,e�~�;���5#x��?���eqwe9m �i�f����&gt;)�ᵍ�Q�Xi)c�Б(P+����2���J����H�Ꭺx��af?[_���L���-���yo��pewq���E����{��]�Ù�!���j&gt;��/R)�`Xc�6�ݏ�7'��������dda�E�_KM��&gt;j��)���;�����c�/�*8���t�&amp;i+r��iY�ْ�F'��8�嚺�qr��0��c�nҳl����8��_(��z0��B*���`[��~x�vi��Y��N�l�lKt��;zz��¦i*D��n�Ƒ5�:E�6�X�k�W��/�!Vi"MEF���nd��)&amp;cY���S���#������4��I.�}EM�}1W��P^t��������|P��P�S�\1m���l��4�J��Fܿ��a'y3��4����e��Pk�Y�n���!������y�,q!wc�rq��3�GV���i���oe@J�u�gז;#�����)d�cH����F����r:�]c��#�pT6���������"���53�jMI!³���;+\[}��������X2��$�ɟ2D��,�L��`���.�c�ӆ����S4���	����3N�� 
n|$����@#��d�l{+�+e�SY:-%&amp;`��F�x���ʎ�0�桫�e����,mɔ��k�
������i&gt;�Q+�c�|�� ����U�D������I@w������I%1�Z�r-���(�r
��&amp;젞[��ya�x Y���Y�vR�$/o��1�Y�apl�A}W����Ud���2q��Z������}^U���Z�)i��eҲ0a����ϩ}�$����;�������2����H'-�$��"�X����������ܷ���MWM�Ř�#J_��}0�L��X�t�.�b�c�o��js����E"�+#25�6W��"���Tv��pU=4y�5S�⎎'���}�7��\�=gZ�S�&gt;�C,�B��c9�jܚ%`"1A ���v�E.��M��mg�����ӊۍ{�8�Y��,u-}̩�b~v��V,rǴ�I�&lt;������e�� ld��ב�c�i�t��PQ�r�� � ��,L��$�UZUIs�b�2�J���]Vm6���z��*�HQ��_J�|�����g�Ķ���Pj+�w$����@6��Se�p����{ !+*a���5�z���؇��枣^e�fuJ���M�_v'�6�nY��S�fi�H�-$sɬ�+r���۞��`��d}�prg9d�T$%}��4���ԍ����]�V�g/PA�uI�tX�й��?���n���f(#��r}kԏ"6��� ���S�*	�+�jF��JԐ����6��ǳ�UqM7�MQ9�����$�˧_3�ጋ�r����z8�lJ'��Y���'�8���jc���y"��!׽��h�O�H� �!ܜ��U3d���L�Z+)���O�����$eH˳U$�ز�Wv����p���Mv:&gt;3`Xs�د�#!�۠�&gt;bؖ�� wr�o�o�m��#�\�+-���{8�5'drfQ-]L���p-�R�UP��ץ�#�Գj����$q�	'�&lt;�#˝��,4p�]�$h�dV;�����U�@��/ˈ�A�&gt; +��&lt;{?��vc���9~U��:�p]�#ذ/Ѓv�l7�E{�$񄨣���]nH�0�ǵ/f��g}�����#TvcM'=5�#�b7�cm�����FB�ۭ��Z:Z�X�uN^6/p��N=�8?5�8ҏ9h$�/���Y�X;�!Py���A�&lt;Y�C�ݢF-mlGy%�Xm��T5P Q�5�����ev�Ach�����3�b���h�`rŶ�=����#��r��XVVY{�������~_\v�OI?{ �,��K)fa��§��wMM`�*� ��6�a늊t��:]������bz��=�(�F�ًs ��ǳ��KU]�W�5gL�w��Y�B1=���)��Q���I[��6��0�q�UC(��bGŶ�~��2��Z�^�jJ{�$�F�U?���yl9�vCéKÆ�2F1��D	����~B���\GI�eYDl�jW:���"=�x�����������T�)�gP�@����gռ3��*�A����/!s���vS�|mGGOCE� �U���[�+~d�c�r&lt;���|�.�c��ݍ��_����J&gt;�g:�((厘7�G,��eo+���dK$[I&lt;#��q����4�H��X��o/��q�&lt;m��b$_|�QOZ�m2(6�e���c9̩2��J�ٖbfc�3��8�8����V��XɱT��ש�s��I����Gt��ϐ��34��R�%�Dj���n^���h�M�x��m��XBu�(W�,vF#}���#��6,UY
���/���M�9�4�wu���j䲶����[	ŕ��]-;�MNX02"x�~|��q�H��2��c���w�0��o��q�v��f��E���~ʚ�X�f�7ǰ���(��5�xT!��H:��&lt;m�$��&lt;��ӆ�G��[EM���GG
CK�E���n��l�-�Hi�"v��a�*۠c�&lt;v��8��BavU/e�s�Kau�Z�BV?p��g^�+�&gt;�b�S$�d�"��:��V_&amp;RM����l��Kƒ����PC��M%��'b[��g��h�[�=A���;nO_#m��W��t
�VJw������v����*g��p�KX��Zߦ�̅,�� Rn�7oRz����U��`����OT#[k��j�����Ud:��1a��-�3ngӦ2��Y��Hܤvf�ͣ��E��-f�!�dB7���7	��:Ar.�|�����:�*�v�)i�YK!���8k0�4�i3dWJ�VK�+�����S�`��̲	��T�{�"�ܠ][��/�5�Z����2��J��k}0��ظ@�Y���o?&lt;R�a,!4�H�նߠ�uLB�'��!F��v�t�w�L��iS�����~XY	���B���o�|e�U�,�Y��n|v�.����S�$��s��l�U5w؝��9bh��Ҭ�ǹ&amp;����
L�\Ak�|�@Z)�C[puu#����e���m.)ƒ�}C�z�&amp;Y��-ߤ,�����I��1�o$�T�b;��鐨դg�y�9�e�ӫ�z	L|�0����X������SSm&amp;hTN�;���zy�TA�Fd�����OO/&lt;f$�ˬ-��o�c�bviScc�u����P��cO����8M2�3(���]!�����S��!Ti5���q&gt;�c�%cT�������K���:�21�����.��X��F��tu���F(�1�{���qX��P�~�Mή�⊞G�G���B�NW������s7���-ǖ=�+%J�ܳ^��.����xrǵG��tM:j��$5
?v���F3he�Ŵ%��-�6��z�&lt;�:���okb6&amp;�#kO����0T��v�+Ć6&amp;Ť&gt;+��`�������X����b��1��T�TRok���������#�Б��|�\V�H�1K �-u���!�I1'�z7���+���@��̏���J�l���7+�1Ó����A�#��;��+R��Wج��s&lt;���c��4�����V5k���խ˨V���ysǵ��¼w���ש���~"O�,q&lt;U�]��E��zm��:7]C
܅ԕm�_�Lz�b�~]q��ĕ��-r,C�Y��tح����`��NY��*l[�����0�a��/�����sJR2�Hn��?�L+5�t��܏&lt;1�r�
.m{6���0k�0b���ߚ���q�e�8&amp;�k�:d�m�����=��R���])ޣ��Tl����|_o���);A��r��_LZ	�ݒ�	�nG�c���مe=-u3�SN���*1���q�Di�97$|G���\����v??\Kh��ױ�qE�a&amp;��v�4�S!K1}
��j���a�"�!޺��YM�$�ly�`CRQ��_~}/����5n���1�B�!bi��q���e�f��'��K�ԭۻ��.��]lq�s
iRh�Ɇw��m/��r��~��B��^��@�z$�Q��%E�ж/���{��;�5٭$�V�TҸF{r�,CXm�i�g��˧Ͳ��ʁf*5Dm��y_���z	Q���y�-���4&lt;�|�ycGuPX��?��5�ƖA�1��ru)��w���*�5&lt;�WƠ׹a����I$q��}~c���IT�w
Z%:5ͺ�&lt;��)��}Q�+Y��T�%Q5�;��l�JY��h�$�*-�k��b���3&gt;&amp;��E,����^��`���q�e�9�[-cMM,�H�V��l�˔ukS�pL�A2.]0��Xߧ�7���.�,�� �����7),oH;�yc&gt;���b���d��[K6��q|Kx�# �f$�;�������g�\��^],@6om����H�P�T��i.y�=��!"V�cc����(P�����1*KIZ�!��ۻ]Ϋ�*�=YDR�Dїr��l=o�,{��v)5Dh�{Ԓ�񩶓������u|{F�UCǜ?%eKuM�[xQ��ɏ,v��-�=LmD�jA-skzd���;�tS�r�c7�S,j�I���ſ;c�ቲ��H�6�{oa{��,2���Hu�o`y\��E�qQ����dV�����o���J�,J��... (set the log level to DEBUG or TRACE to see the full content) 
 </msg>
<status status="PASS" starttime="20220223 17:34:47.206" endtime="20220223 17:34:47.585"/>
</kw>
<kw name="Choose File" library="RPA.Browser.Selenium">
<arg>imagem</arg>
<arg>D:\\teste-rpa-robot\\output\\imagem.jpg</arg>
<doc>Inputs the ``file_path`` into the file input field ``locator``.</doc>
<msg timestamp="20220223 17:34:47.585" level="INFO">Sending D:\teste-rpa-robot\output\imagem.jpg to browser.</msg>
<status status="PASS" starttime="20220223 17:34:47.585" endtime="20220223 17:34:47.611"/>
</kw>
<kw name="Click Button" library="RPA.Browser.Selenium">
<arg>Cadastrar</arg>
<doc>Clicks the button identified by ``locator``.</doc>
<msg timestamp="20220223 17:34:47.611" level="INFO">Clicking button 'Cadastrar'.</msg>
<status status="PASS" starttime="20220223 17:34:47.611" endtime="20220223 17:34:47.648"/>
</kw>
<kw name="Wait Until Page Contains Element" library="RPA.Browser.Selenium">
<arg>css=[data-testid="cadastrar-produtos"]</arg>
<doc>Waits until the element ``locator`` appears on the current page.</doc>
<status status="PASS" starttime="20220223 17:34:47.648" endtime="20220223 17:34:47.654"/>
</kw>
<kw name="Click Link" library="RPA.Browser.Selenium">
<arg>css=[data-testid="cadastrar-produtos"]</arg>
<doc>Clicks a link identified by ``locator``.</doc>
<msg timestamp="20220223 17:34:47.654" level="INFO">Clicking link 'css=[data-testid="cadastrar-produtos"]'.</msg>
<status status="PASS" starttime="20220223 17:34:47.654" endtime="20220223 17:34:47.686"/>
</kw>
<status status="PASS" starttime="20220223 17:34:45.712" endtime="20220223 17:34:47.686"/>
</kw>
<status status="PASS" starttime="20220223 17:34:45.712" endtime="20220223 17:34:47.686"/>
</iter>
<iter>
<var name="${product_sell}">{'Nome': 'Ar condicionado', 'Preço': 1200.0, 'Descrição': 'Várias temperaturas.', 'Quantidade': 70.0}</var>
<kw name="Register Product">
<arg>${product_sell}</arg>
<kw name="Sleep" library="BuiltIn">
<arg>1</arg>
<doc>Pauses the test executed for the given time.</doc>
<msg timestamp="20220223 17:34:48.691" level="INFO">Slept 1 second</msg>
<status status="PASS" starttime="20220223 17:34:47.687" endtime="20220223 17:34:48.691"/>
</kw>
<kw name="Click Link" library="RPA.Browser.Selenium">
<arg>css=[data-testid="cadastrar-produtos"]</arg>
<doc>Clicks a link identified by ``locator``.</doc>
<msg timestamp="20220223 17:34:48.692" level="INFO">Clicking link 'css=[data-testid="cadastrar-produtos"]'.</msg>
<status status="PASS" starttime="20220223 17:34:48.691" endtime="20220223 17:34:48.727"/>
</kw>
<kw name="Input Text" library="RPA.Browser.Selenium">
<arg>nome</arg>
<arg>${product_sell}[Nome]</arg>
<doc>Types the given ``text`` into the text field identified by ``locator``.</doc>
<msg timestamp="20220223 17:34:48.728" level="INFO">Typing text 'Ar condicionado' into text field 'nome'.</msg>
<status status="PASS" starttime="20220223 17:34:48.728" endtime="20220223 17:34:48.800"/>
</kw>
<kw name="Input Text" library="RPA.Browser.Selenium">
<arg>price</arg>
<arg>${product_sell}[Preço]</arg>
<doc>Types the given ``text`` into the text field identified by ``locator``.</doc>
<msg timestamp="20220223 17:34:48.801" level="INFO">Typing text '1200.0' into text field 'price'.</msg>
<status status="PASS" starttime="20220223 17:34:48.800" endtime="20220223 17:34:48.863"/>
</kw>
<kw name="Input Text" library="RPA.Browser.Selenium">
<arg>css=[data-testid="descricao"]</arg>
<arg>${product_sell}[Descrição]</arg>
<doc>Types the given ``text`` into the text field identified by ``locator``.</doc>
<msg timestamp="20220223 17:34:48.863" level="INFO">Typing text 'Várias temperaturas.' into text field 'css=[data-testid="descricao"]'.</msg>
<status status="PASS" starttime="20220223 17:34:48.863" endtime="20220223 17:34:48.936"/>
</kw>
<kw name="Input Text" library="RPA.Browser.Selenium">
<arg>quantity</arg>
<arg>${product_sell}[Quantidade]</arg>
<doc>Types the given ``text`` into the text field identified by ``locator``.</doc>
<msg timestamp="20220223 17:34:48.937" level="INFO">Typing text '70.0' into text field 'quantity'.</msg>
<status status="PASS" starttime="20220223 17:34:48.936" endtime="20220223 17:34:48.995"/>
</kw>
<kw name="Http Get" library="RPA.HTTP">
<arg>https://api.thecatapi.com/v1/images/search</arg>
<arg>overwrite=True</arg>
<doc>A helper method for ``Get Request`` that will create a session, perform GET
request, and store the target file, if set by the ``target_file`` parameter.</doc>
<msg timestamp="20220223 17:34:48.996" level="INFO">Using already existing HTTP session</msg>
<msg timestamp="20220223 17:34:49.244" level="INFO">GET Request : url=https://api.thecatapi.com/v1/images/search 
 path_url=/v1/images/search 
 headers={'User-Agent': 'python-requests/2.27.1', 'Accept-Encoding': 'gzip, deflate', 'Accept': '*/*', 'Connection': 'keep-alive'} 
 body=None 
 </msg>
<msg timestamp="20220223 17:34:49.244" level="INFO">GET Response : url=https://api.thecatapi.com/v1/images/search 
 status=200, reason=OK 
 headers={'x-dns-prefetch-control': 'off', 'x-frame-options': 'SAMEORIGIN', 'strict-transport-security': 'max-age=15552000; includeSubDomains', 'x-download-options': 'noopen', 'x-content-type-options': 'nosniff', 'x-xss-protection': '1; mode=block', 'vary': 'Origin', 'expires': 'Tue, 03 Jul 2001 06:00:00 GMT', 'last-modified': 'Wed Feb 23 2022 20:34:49 GMT+0000 (Coordinated Universal Time)', 'cache-control': 'post-check=0, pre-check=0', 'content-type': 'application/json; charset=utf-8', 'x-response-time': '68ms', 'X-Cloud-Trace-Context': '4b8c430575c7d79a28bbc006c4ae0a5e', 'Date': 'Wed, 23 Feb 2022 20:34:49 GMT', 'Server': 'Google Frontend', 'Content-Length': '101'} 
 body=[{"breeds":[],"id":"bd8","url":"https://cdn2.thecatapi.com/images/bd8.png","width":500,"height":333}] 
 </msg>
<status status="PASS" starttime="20220223 17:34:48.996" endtime="20220223 17:34:49.245"/>
</kw>
<kw name="Download" library="RPA.HTTP">
<arg>https://cdn2.thecatapi.com/images/ebv.jpg</arg>
<arg>${OUTPUT_DIR}${/}imagem.jpg</arg>
<doc>An alias for the ``HTTP Get`` keyword.</doc>
<msg timestamp="20220223 17:34:49.245" level="INFO">Using already existing HTTP session</msg>
<msg timestamp="20220223 17:34:49.282" level="INFO">GET Request : url=https://cdn2.thecatapi.com/images/ebv.jpg 
 path_url=/images/ebv.jpg 
 headers={'User-Agent': 'python-requests/2.27.1', 'Accept-Encoding': 'gzip, deflate', 'Accept': '*/*', 'Connection': 'keep-alive'} 
 body=None 
 </msg>
<msg timestamp="20220223 17:34:49.611" level="INFO">GET Response : url=https://cdn2.thecatapi.com/images/ebv.jpg 
 status=200, reason=OK 
 headers={'Date': 'Wed, 23 Feb 2022 20:34:49 GMT', 'Content-Type': 'image/jpeg', 'Content-Length': '28025', 'Connection': 'keep-alive', 'last-modified': 'Thu, 27 Sep 2018 01:09:17 GMT', 'etag': '"236b60fbfb5cde085186493609f37579"', 'x-cache': 'RefreshHit from cloudfront', 'via': '1.1 851117d0ba7b2cbe0cf02406c40397d8.cloudfront.net (CloudFront)', 'x-amz-cf-pop': 'GIG51-C2', 'x-amz-cf-id': 'mN-pc-ggotwdc2OuU_yshN2m1EOWWD5Ci6xv-vhvEZuVx8g6YtwhYw==', 'Cache-Control': 'max-age=14400', 'CF-Cache-Status': 'HIT', 'Age': '883', 'Accept-Ranges': 'bytes', 'Expect-CT': 'max-age=604800, report-uri="https://report-uri.cloudflare.com/cdn-cgi/beacon/expect-ct"', 'Report-To': '{"endpoints":[{"url":"https:\\/\\/a.nel.cloudflare.com\\/report\\/v3?s=Et2OMjZX38hz78k7q1t%2Fv%2FlXK%2BfPEtaM5yLJgQVzdxEYpkY1TSudcdaq0v9BIIvD5EWFLD5IMLWXRKSjNNWlBisnTfInFYvT%2FkdFw0l%2Bh%2FbzQisUOWg8hVZetPwvV1A4PLHR5W%2FqVt7opLPjA7%2BMaeU%3D"}],"group":"cf-nel","max_age":604800}', 'NEL': '{"success_fraction":0,"report_to":"cf-nel","max_age":604800}', 'Vary': 'Accept-Encoding', 'Server': 'cloudflare', 'CF-RAY': '6e233cb5efdc62a7-BSB', 'alt-svc': 'h3=":443"; ma=86400, h3-29=":443"; ma=86400'} 
 body=����JFIF��C		��C

���"������ߥS=��*��e$�$����=��,�:넒��H@;;��i�c�m.8C}tD�A��S����o|��nY�Ц&gt;�k��+�M�7^#��+�y�|a����P��t˰��)?(,f߻�����.��O�=B�y�sW��b��/V̘Yw���Vo�U�Mz,�M-ǟ��U�Ď_a@��7����; ���Cm�}/����9�S2����Ηf�u3���b��S�ރr����R^պ�c�Hh��"Y�Z�4���o�%I\�*6��z?�\�i��ԢD@���i����Z����k�H�}/5��5�1����#f�t�L:Ҹ�sg�Ѱ�T�B��G������]h޷�m�&lt;�C8��U�V?`�IX�BI��W��qj3SQ�FM�2F����Ұ�U���e$�I!$����(���N�͆���dUf�+�xT�����$�I!$��HY�%��$�&lt;����;�cΈ������%����BI	$,Λ#5V!�%���d1�-F�f٪~`ۛ�F��IX�BK�0�����O�&lt;�Y}m	�TԳT2m�SfA`rhn&gt;*פ�$�E�&gt;Z@�$ݜc�2��{�=Ii��U&gt;6��\�pvpۯI^I$7�7�s43�j��lD3��o�[nVe}yQL�x�^�h kf���H��X	����b���&amp;f����pAK#��&lt;�6������פ�4�"�M�y��'�=7�ƭd.[7FU��؎�d3��U���D[�����qk)h��"�=&gt;�=!o�NV2�#b��.�FI9��K_Hh��3�@+d]@����k������zJI�f���6Ih�!B�-�s�s�����א0�ĕ��.\���҄H�M�
x�Ϋ&amp;�TOc�B u��z����$����%�h�c�(�׹��.���B9�L�%kUzĂ����a��\�N�F��g޸�q޷�z�3���XbΜ
�V�qܽ�IJ��S��Ϋ����f�a���`lіrg/�BKr������0r$� J��P��׊��[ZCa%�m&lt;5p�8_MFIy=I�Dnx�gR����Խ4�i@�,sW�+:V_�$w��?K;���ޓ^sT�ݝK47�Y�X���M�:%��i\�ޜI��⃜����Z1������^ƕ��`�&lt;�Wچ�m t�y�=�9%�2�Ƌ��B��VK^�����&lt;bpy�F;�$07
�e8�'R�qr�%{UnP��ŗSlrBq쐑�4�G�.§��*E���X!�+g�P�+l�dM����Z�$bIcD���"�2�U�s�Z�!9u��Y���oPHq[�&amp;Q�y�q��YP%�q�
�uńM��͝��!���i��ʲ"u�W���K�6y!�I�-�C_Ky�
�����I�+�U���`��(�&lt;�m(Y4�&lt;�8�d�%��&lt;Ny�GUV��&lt;�f�v���&lt;�(!��&lt;��ܙC���ÔΧ�&lt;Wf���-��)q�r'Q��Yʖ`�|�st��]��A����7���D2��kD&gt;,��Q,ΑW&lt;�p��f�N���|a�n��&lt;��m��Yk4���`M���ɛy������o�X�Z�N���aKs�}�x����Oe�Z����˘���-��|��[�/��yP�$@��W�)����Ϋ!M(�*���8?_�"��Uc��,�l�E��@�0�D�01,2�&amp;(�C�" �����v�&gt;c��ǔ������J�y��"���;^`�ԍ�����A5t�4/����`P`�(#M�z���.�q�ß�d�BGq)���%=,�����L	t5��4��l1R� P4��ZDr�]%��"�7�$�gt2Fp?5	�Ue�l��$ 	1�� 6Tʂ|�1�Ǵp���"! 1A0Q@q��?n�!;��*"�pw葪�������Y���w�x��[��hD���&amp;�bvE��[�/,"LBvD�I{ňD�.͔G��X�(b{���oN����П��aau�=rB�(��b�����v�M��"����z&amp;�H����g��'o/�QKf�\&amp;�Yl�o�M�x��u�w�(��1�˲�i%�&lt;ȋ�7�XX��.ȪV����K�%�pLEfw�Dn�
ŗ��줐�\�й.eS�Y�������bu�Vk6P�
,e~�|�^i]�\������v��$!1 A"2Q��?��#��d����Y�=�k�W�[�5;�e���KfK(��\L�b0r�xJ=�(��D[jМ���Էb:��:o�MS3�9���c�$n;i����+tt��64�ɎPv��8�S��]zc,I����3�n/I���z3*�����5�w�e�Ǹ�&amp;㹛"J�:E�E3$;�b������,$�n/\�&gt;b�T���]��V��Fe��œ�fZj�Z=���c7�MZ��L���.��5�H�#�~]2�1�tqMSL�1��^`��c�#$�16�b^&lt;.V��Y�M�_��pFI�t�W��^�gq+r �~챴��3��2VCnD-zm�Fu�GMd1!�ġ-pơ�f��Q������%���v=ob�קIc�Oql�{��F�C,���r���[�p"����hc+m��[N�+V6-o_�).�ZV�6!i^�^wf��L�F�~���
i�������)�3#��	;�nN��r:�N���CU��\�՝���h��-R�2�lM1�b�����Ѕ�b���;�l[�)~���O�K/K�;*�露���K!1A"Qa2q�#BR�� ����3�$0br��	C&amp;4Dc���d����?�c5�&lt;�,��_�����I:�K�No��h[.�ij�.{�����vņ9��+���
�lϊsw�I�S��/c!�=Y��Ը��x��晭DN�����iE��k��}�8�T��;H�[+���3uQf#��E�7�CKՎ������9k�gf��]Jgy�N�9hcg�v����X��`r�i�cY�gu&lt;1��	D����U�*4�6(���7��ܷU�2��
ڸ���?sSB�1:^@��ѝjo{��euy]Y?�U���U,��bY;��q�(�����x�N#��+��hҮ� ��#�߈m�8&lt;�w��:��e&lt;�H�#1� V�1���,�jb:�zc�ǽ,���Ig]E�v.��l?���d�{D�&gt;i?�s*U̠V&lt;���rXt��_�\u�qYù%g��N[O.gB�:Z��aS}J��sq����duui�AO$��O��q�ʈ���j�F���$������܂X]��6��yfk���=ea��4�,�P��˝6,-��0$\���pęA�����ib	�R���6�}q���|+Ŕ��a1����Փ������&amp;�ۯ��ee&amp;a��]CSM4�)�p��y#b1�\g|I��LR��A���g�{Xa{Y�f5)G�f��#2GLm�Io��ґV��3x`�o߲�I�6��Z���ʳ����&gt;1�Ǿ��U!��L�V�(жV�{pv`�ѵ\�j4���tǰ���ә\�@E��OU*��\X���qYuT��J.�##�0E�+z(3,�7�����5#7�"3��v� �ǈ(V��8G����Z

x!����v�+I*0k�\��&lt;���h&lt;Q��ULUF�e���LIʻ}�\�����Y�ZpMNW4q�Uh��Q{�,����e�x焸�p�REnNX�6Y;��t&amp;0wS��S�A���&gt;q7�\�(i�R��$���Y$�nHNX��&lt;�4��j����X�
�'{�̓k��1��yU�4�C�B������t�q�{�歗e���M���J�	%�Z��_��v��O4�w�EQK4z���ʒ���d6ku�Q�Ǵ��eI�er�*��A�����c."�,��Ț�Hj��A��q����c�/���޳���ȫ!�n�xijB���;"�LP�P����b���R�N��f�@pw\�|#+(e �.;W�QPD%����6`��P�ry����ُ�4�Y��W
�j`ָF-`�B����?��WL�����-��Q{��è�GL'g|[��QT&amp;\�����O:��+x�G?,U�?K��Ԯ_K�Bg�	�$��ZB���/`NVc?���ޢj�б�w/{BE�E-mϙ��Bه�,�-u�Q��F�n&gt;Z�qbmא������^$�3)2���1�}DlY�~���g�p�C��&lt;Y�M\!��I
��y1�|�0��SVQe��mx\�b�VQӝ��M�w�I�3SE(�X�9
ŉ%ɵ��Ϧ87+� �����R&amp;��ʔ�I]WIvf�~"2|��Ue�4]�[P��J�TU)*�n����KI��E���,IYѣ9��?�G5 躞X����.�r�׸��aɟ3��5)OH��`P��]}��F��������83���sX���&gt;��� 	e%@ z�{d��+��2��:7I� 7����s�~B�k�z�d�Ľ��ӗ�\A��fuՕ�diwZXTꐄ
����eE��y�s���v�fU,U\�=�(s\��&amp;�7���J�Y��퐋������TI��!��V��x���]ÏQl{$fuy���	��O$�	�����F���d������j����E�$Z�VM���y#(���Slv��o��˪�Z�]OL��4,�����g�G�۟d݄I[�+Y��T�� 
`IH���`u3.Ý�1�%S�����'-��%FX(�)T�#Qe&amp;�._&lt;vkKSY�ƩY����7��3|�u���kM��*iRb����nl���y�&lt;Jj�6����o�@�&amp;�4��_����ϫ�)3b7�uv�*�d�r$Z��c�j��'����_u�*"�������\	C�`�OWd��_����ڿ�Wj�C��z��I����h�@m'{��o\ey�S��'Ng�}�U�I
��&amp;���*ϲ�6�=\�/J�f�1���$ra��ǲQe�]�7{��&gt;�!� �Qt� �,��c�h��x;6��5�:�	�d~L6&gt;�㲪
�����G�&amp;z�����QHb:�4F�m;�{�r�'��2�����c�cة���{���e�Z���)�\}��� s�{��\��;V�^��l�a��w�wh�^���r�v��/�J� ��0U0��N��l����g�E��q���R{��MݵD�K���E@��"�qGSϓ�LЄE�iO{��������5fg��L��h�R����M����6oCY��ޛH�G=�_B:Ⓘ��{�)mQt�Æ&lt;�����/,e�~�;���5#x��?���eqwe9m �i�f����&gt;)�ᵍ�Q�Xi)c�Б(P+����2���J����H�Ꭺx��af?[_���L���-���yo��pewq���E����{��]�Ù�!���j&gt;��/R)�`Xc�6�ݏ�7'��������dda�E�_KM��&gt;j��)���;�����c�/�*8���t�&amp;i+r��iY�ْ�F'��8�嚺�qr��0��c�nҳl����8��_(��z0��B*���`[��~x�vi��Y��N�l�lKt��;zz��¦i*D��n�Ƒ5�:E�6�X�k�W��/�!Vi"MEF���nd��)&amp;cY���S���#������4��I.�}EM�}1W��P^t��������|P��P�S�\1m���l��4�J��Fܿ��a'y3��4����e��Pk�Y�n���!������y�,q!wc�rq��3�GV���i���oe@J�u�gז;#�����)d�cH����F����r:�]c��#�pT6���������"���53�jMI!³���;+\[}��������X2��$�ɟ2D��,�L��`���.�c�ӆ����S4���	����3N�� 
n|$����@#��d�l{+�+e�SY:-%&amp;`��F�x���ʎ�0�桫�e����,mɔ��k�
������i&gt;�Q+�c�|�� ����U�D������I@w������I%1�Z�r-���(�r
��&amp;젞[��ya�x Y���Y�vR�$/o��1�Y�apl�A}W����Ud���2q��Z������}^U���Z�)i��eҲ0a����ϩ}�$����;�������2����H'-�$��"�X����������ܷ���MWM�Ř�#J_��}0�L��X�t�.�b�c�o��js����E"�+#25�6W��"���Tv��pU=4y�5S�⎎'���}�7��\�=gZ�S�&gt;�C,�B��c9�jܚ%`"1A ���v�E.��M��mg�����ӊۍ{�8�Y��,u-}̩�b~v��V,rǴ�I�&lt;������e�� ld��ב�c�i�t��PQ�r�� � ��,L��$�UZUIs�b�2�J���]Vm6���z��*�HQ��_J�|�����g�Ķ���Pj+�w$����@6��Se�p����{ !+*a���5�z���؇��枣^e�fuJ���M�_v'�6�nY��S�fi�H�-$sɬ�+r���۞��`��d}�prg9d�T$%}��4���ԍ����]�V�g/PA�uI�tX�й��?���n���f(#��r}kԏ"6��� ���S�*	�+�jF��JԐ����6��ǳ�UqM7�MQ9�����$�˧_3�ጋ�r����z8�lJ'��Y���'�8���jc���y"��!׽��h�O�H� �!ܜ��U3d���L�Z+)���O�����$eH˳U$�ز�Wv����p���Mv:&gt;3`Xs�د�#!�۠�&gt;bؖ�� wr�o�o�m��#�\�+-���{8�5'drfQ-]L���p-�R�UP��ץ�#�Գj����$q�	'�&lt;�#˝��,4p�]�$h�dV;�����U�@��/ˈ�A�&gt; +��&lt;{?��vc���9~U��:�p]�#ذ/Ѓv�l7�E{�$񄨣���]nH�0�ǵ/f��g}�����#TvcM'=5�#�b7�cm�����FB�ۭ��Z:Z�X�uN^6/p��N=�8?5�8ҏ9h$�/���Y�X;�!Py���A�&lt;Y�C�ݢF-mlGy%�Xm��T5P Q�5�����ev�Ach�����3�b���h�`rŶ�=����#��r��XVVY{�������~_\v�OI?{ �,��K)fa��§��wMM`�*� ��6�a늊t��:]������bz��=�(�F�ًs ��ǳ��KU]�W�5gL�w��Y�B1=���)��Q���I[��6��0�q�UC(��bGŶ�~��2��Z�^�jJ{�$�F�U?���yl9�vCéKÆ�2F1��D	����~B���\GI�eYDl�jW:���"=�x�����������T�)�gP�@����gռ3��*�A����/!s���vS�|mGGOCE� �U���[�+~d�c�r&lt;���|�.�c��ݍ��_����J&gt;�g:�((厘7�G,��eo+���dK$[I&lt;#��q����4�H��X��o/��q�&lt;m��b$_|�QOZ�m2(6�e���c9̩2��J�ٖbfc�3��8�8����V��XɱT��ש�s��I����Gt��ϐ��34��R�%�Dj���n^���h�M�x��m��XBu�(W�,vF#}���#��6,UY
���/���M�9�4�wu���j䲶����[	ŕ��]-;�MNX02"x�~|��q�H��2��c���w�0��o��q�v��f��E���~ʚ�X�f�7ǰ���(��5�xT!��H:��&lt;m�$��&lt;��ӆ�G��[EM���GG
CK�E���n��l�-�Hi�"v��a�*۠c�&lt;v��8��BavU/e�s�Kau�Z�BV?p��g^�+�&gt;�b�S$�d�"��:��V_&amp;RM����l��Kƒ����PC��M%��'b[��g��h�[�=A���;nO_#m��W��t
�VJw������v����*g��p�KX��Zߦ�̅,�� Rn�7oRz����U��`����OT#[k��j�����Ud:��1a��-�3ngӦ2��Y��Hܤvf�ͣ��E��-f�!�dB7���7	��:Ar.�|�����:�*�v�)i�YK!���8k0�4�i3dWJ�VK�+�����S�`��̲	��T�{�"�ܠ][��/�5�Z����2��J��k}0��ظ@�Y���o?&lt;R�a,!4�H�նߠ�uLB�'��!F��v�t�w�L��iS�����~XY	���B���o�|e�U�,�Y��n|v�.����S�$��s��l�U5w؝��9bh��Ҭ�ǹ&amp;����
L�\Ak�|�@Z)�C[puu#����e���m.)ƒ�}C�z�&amp;Y��-ߤ,�����I��1�o$�T�b;��鐨դg�y�9�e�ӫ�z	L|�0����X������SSm&amp;hTN�;���zy�TA�Fd�����OO/&lt;f$�ˬ-��o�c�bviScc�u����P��cO����8M2�3(���]!�����S��!Ti5���q&gt;�c�%cT�������K���:�21�����.��X��F��tu���F(�1�{���qX��P�~�Mή�⊞G�G���B�NW������s7���-ǖ=�+%J�ܳ^��.����xrǵG��tM:j��$5
?v���F3he�Ŵ%��-�6��z�&lt;�:���okb6&amp;�#kO����0T��v�+Ć6&amp;Ť&gt;+��`�������X����b��1��T�TRok���������#�Б��|�\V�H�1K �-u���!�I1'�z7���+���@��̏���J�l���7+�1Ó����A�#��;��+R��Wج��s&lt;���c��4�����V5k���խ˨V���ysǵ��¼w���ש���~"O�,q&lt;U�]��E��zm��:7]C
܅ԕm�_�Lz�b�~]q��ĕ��-r,C�Y��tح����`��NY��*l[�����0�a��/�����sJR2�Hn��?�L+5�t��܏&lt;1�r�
.m{6���0k�0b���ߚ���q�e�8&amp;�k�:d�m�����=��R���])ޣ��Tl����|_o���);A��r��_LZ	�ݒ�	�nG�c���مe=-u3�SN���*1���q�Di�97$|G���\����v??\Kh��ױ�qE�a&amp;��v�4�S!K1}
��j���a�"�!޺��YM�$�ly�`CRQ��_~}/����5n���1�B�!bi��q���e�f��'��K�ԭۻ��.��]lq�s
iRh�Ɇw��m/��r��~��B��^��@�z$�Q��%E�ж/���{��;�5٭$�V�TҸF{r�,CXm�i�g��˧Ͳ��ʁf*5Dm��y_���z	Q���y�-���4&lt;�|�ycGuPX��?��5�ƖA�1��ru)��w���*�5&lt;�WƠ׹a����I$q��}~c���IT�w
Z%:5ͺ�&lt;��)��}Q�+Y��T�%Q5�;��l�JY��h�$�*-�k��b���3&gt;&amp;��E,����^��`���q�e�9�[-cMM,�H�V��l�˔ukS�pL�A2.]0��Xߧ�7���.�,�� �����7),oH;�yc&gt;���b���d��[K6��q|Kx�# �f$�;�������g�\��^],@6om����H�P�T��i.y�=��!"V�cc����(P�����1*KIZ�!��ۻ]Ϋ�*�=YDR�Dїr��l=o�,{��v)5Dh�{Ԓ�񩶓������u|{F�UCǜ?%eKuM�[xQ��ɏ,v��-�=LmD�jA-skzd���;�tS�r�c7�S,j�I���ſ;c�ቲ��H�6�{oa{��,2���Hu�o`y\��E�qQ����dV�����o���J�,J��... (set the log level to DEBUG or TRACE to see the full content) 
 </msg>
<status status="PASS" starttime="20220223 17:34:49.245" endtime="20220223 17:34:49.612"/>
</kw>
<kw name="Choose File" library="RPA.Browser.Selenium">
<arg>imagem</arg>
<arg>D:\\teste-rpa-robot\\output\\imagem.jpg</arg>
<doc>Inputs the ``file_path`` into the file input field ``locator``.</doc>
<msg timestamp="20220223 17:34:49.613" level="INFO">Sending D:\teste-rpa-robot\output\imagem.jpg to browser.</msg>
<status status="PASS" starttime="20220223 17:34:49.612" endtime="20220223 17:34:49.637"/>
</kw>
<kw name="Click Button" library="RPA.Browser.Selenium">
<arg>Cadastrar</arg>
<doc>Clicks the button identified by ``locator``.</doc>
<msg timestamp="20220223 17:34:49.638" level="INFO">Clicking button 'Cadastrar'.</msg>
<status status="PASS" starttime="20220223 17:34:49.637" endtime="20220223 17:34:49.673"/>
</kw>
<kw name="Wait Until Page Contains Element" library="RPA.Browser.Selenium">
<arg>css=[data-testid="cadastrar-produtos"]</arg>
<doc>Waits until the element ``locator`` appears on the current page.</doc>
<status status="PASS" starttime="20220223 17:34:49.674" endtime="20220223 17:34:49.679"/>
</kw>
<kw name="Click Link" library="RPA.Browser.Selenium">
<arg>css=[data-testid="cadastrar-produtos"]</arg>
<doc>Clicks a link identified by ``locator``.</doc>
<msg timestamp="20220223 17:34:49.680" level="INFO">Clicking link 'css=[data-testid="cadastrar-produtos"]'.</msg>
<status status="PASS" starttime="20220223 17:34:49.679" endtime="20220223 17:34:49.710"/>
</kw>
<status status="PASS" starttime="20220223 17:34:47.686" endtime="20220223 17:34:49.711"/>
</kw>
<status status="PASS" starttime="20220223 17:34:47.686" endtime="20220223 17:34:49.711"/>
</iter>
<iter>
<var name="${product_sell}">{'Nome': 'Smart TV', 'Preço': 1350.0, 'Descrição': 'Led, 32 polegadas.', 'Quantidade': 200.0}</var>
<kw name="Register Product">
<arg>${product_sell}</arg>
<kw name="Sleep" library="BuiltIn">
<arg>1</arg>
<doc>Pauses the test executed for the given time.</doc>
<msg timestamp="20220223 17:34:50.726" level="INFO">Slept 1 second</msg>
<status status="PASS" starttime="20220223 17:34:49.712" endtime="20220223 17:34:50.726"/>
</kw>
<kw name="Click Link" library="RPA.Browser.Selenium">
<arg>css=[data-testid="cadastrar-produtos"]</arg>
<doc>Clicks a link identified by ``locator``.</doc>
<msg timestamp="20220223 17:34:50.726" level="INFO">Clicking link 'css=[data-testid="cadastrar-produtos"]'.</msg>
<status status="PASS" starttime="20220223 17:34:50.726" endtime="20220223 17:34:50.762"/>
</kw>
<kw name="Input Text" library="RPA.Browser.Selenium">
<arg>nome</arg>
<arg>${product_sell}[Nome]</arg>
<doc>Types the given ``text`` into the text field identified by ``locator``.</doc>
<msg timestamp="20220223 17:34:50.763" level="INFO">Typing text 'Smart TV' into text field 'nome'.</msg>
<status status="PASS" starttime="20220223 17:34:50.762" endtime="20220223 17:34:50.836"/>
</kw>
<kw name="Input Text" library="RPA.Browser.Selenium">
<arg>price</arg>
<arg>${product_sell}[Preço]</arg>
<doc>Types the given ``text`` into the text field identified by ``locator``.</doc>
<msg timestamp="20220223 17:34:50.836" level="INFO">Typing text '1350.0' into text field 'price'.</msg>
<status status="PASS" starttime="20220223 17:34:50.836" endtime="20220223 17:34:50.897"/>
</kw>
<kw name="Input Text" library="RPA.Browser.Selenium">
<arg>css=[data-testid="descricao"]</arg>
<arg>${product_sell}[Descrição]</arg>
<doc>Types the given ``text`` into the text field identified by ``locator``.</doc>
<msg timestamp="20220223 17:34:50.898" level="INFO">Typing text 'Led, 32 polegadas.' into text field 'css=[data-testid="descricao"]'.</msg>
<status status="PASS" starttime="20220223 17:34:50.898" endtime="20220223 17:34:50.965"/>
</kw>
<kw name="Input Text" library="RPA.Browser.Selenium">
<arg>quantity</arg>
<arg>${product_sell}[Quantidade]</arg>
<doc>Types the given ``text`` into the text field identified by ``locator``.</doc>
<msg timestamp="20220223 17:34:50.966" level="INFO">Typing text '200.0' into text field 'quantity'.</msg>
<status status="PASS" starttime="20220223 17:34:50.965" endtime="20220223 17:34:51.024"/>
</kw>
<kw name="Http Get" library="RPA.HTTP">
<arg>https://api.thecatapi.com/v1/images/search</arg>
<arg>overwrite=True</arg>
<doc>A helper method for ``Get Request`` that will create a session, perform GET
request, and store the target file, if set by the ``target_file`` parameter.</doc>
<msg timestamp="20220223 17:34:51.025" level="INFO">Using already existing HTTP session</msg>
<msg timestamp="20220223 17:34:51.214" level="INFO">GET Request : url=https://api.thecatapi.com/v1/images/search 
 path_url=/v1/images/search 
 headers={'User-Agent': 'python-requests/2.27.1', 'Accept-Encoding': 'gzip, deflate', 'Accept': '*/*', 'Connection': 'keep-alive'} 
 body=None 
 </msg>
<msg timestamp="20220223 17:34:51.214" level="INFO">GET Response : url=https://api.thecatapi.com/v1/images/search 
 status=200, reason=OK 
[...]
܅ԕm�_�Lz�b�~]q��ĕ��-r,C�Y��tح����`��NY��*l[�����0�a��/�����sJR2�Hn��?�L+5�t��܏&lt;1�r�
.m{6���0k�0b���ߚ���q�e�8&amp;�k�:d�m�����=��R���])ޣ��Tl����|_o���);A��r��_LZ	�ݒ�	�nG�c���مe=-u3�SN���*1���q�Di�97$|G���\����v??\Kh��ױ�qE�a&amp;��v�4�S!K1}
��j���a�"�!޺��YM�$�ly�`CRQ��_~}/����5n���1�B�!bi��q���e�f��'��K�ԭۻ��.��]lq�s
iRh�Ɇw��m/��r��~��B��^��@�z$�Q��%E�ж/���{��;�5٭$�V�TҸF{r�,CXm�i�g��˧Ͳ��ʁf*5Dm��y_���z	Q���y�-���4&lt;�|�ycGuPX��?��5�ƖA�1��ru)��w���*�5&lt;�WƠ׹a����I$q��}~c���IT�w
Z%:5ͺ�&lt;��)��}Q�+Y��T�%Q5�;��l�JY��h�$�*-�k��b���3&gt;&amp;��E,����^��`���q�e�9�[-cMM,�H�V��l�˔ukS�pL�A2.]0��Xߧ�7���.�,�� �����7),oH;�yc&gt;���b���d��[K6��q|Kx�# �f$�;�������g�\��^],@6om����H�P�T��i.y�=��!"V�cc����(P�����1*KIZ�!��ۻ]Ϋ�*�=YDR�Dїr��l=o�,{��v)5Dh�{Ԓ�񩶓������u|{F�UCǜ?%eKuM�[xQ��ɏ,v��-�=LmD�jA-skzd���;�tS�r�c7�S,j�I���ſ;c�ቲ��H�6�{oa{��,2���Hu�o`y\��E�qQ����dV�����o���J�,J��... (set the log level to DEBUG or TRACE to see the full content) 
 </msg>
<status status="PASS" starttime="20220223 17:34:51.214" endtime="20220223 17:34:51.583"/>
</kw>
<kw name="Choose File" library="RPA.Browser.Selenium">
<arg>imagem</arg>
<arg>D:\\teste-rpa-robot\\output\\imagem.jpg</arg>
<doc>Inputs the ``file_path`` into the file input field ``locator``.</doc>
<msg timestamp="20220223 17:34:51.584" level="INFO">Sending D:\teste-rpa-robot\output\imagem.jpg to browser.</msg>
<status status="PASS" starttime="20220223 17:34:51.583" endtime="20220223 17:34:51.607"/>
</kw>
<kw name="Click Button" library="RPA.Browser.Selenium">
<arg>Cadastrar</arg>
<doc>Clicks the button identified by ``locator``.</doc>
<msg timestamp="20220223 17:34:51.608" level="INFO">Clicking button 'Cadastrar'.</msg>
<status status="PASS" starttime="20220223 17:34:51.608" endtime="20220223 17:34:51.644"/>
</kw>
<kw name="Wait Until Page Contains Element" library="RPA.Browser.Selenium">
<arg>css=[data-testid="cadastrar-produtos"]</arg>
<doc>Waits until the element ``locator`` appears on the current page.</doc>
<status status="PASS" starttime="20220223 17:34:51.644" endtime="20220223 17:34:51.649"/>
</kw>
<kw name="Click Link" library="RPA.Browser.Selenium">
<arg>css=[data-testid="cadastrar-produtos"]</arg>
<doc>Clicks a link identified by ``locator``.</doc>
<msg timestamp="20220223 17:34:51.650" level="INFO">Clicking link 'css=[data-testid="cadastrar-produtos"]'.</msg>
<status status="PASS" starttime="20220223 17:34:51.650" endtime="20220223 17:34:51.681"/>
</kw>
<status status="PASS" starttime="20220223 17:34:49.711" endtime="20220223 17:34:51.681"/>
</kw>
<status status="PASS" starttime="20220223 17:34:49.711" endtime="20220223 17:34:51.681"/>
</iter>
<status status="PASS" starttime="20220223 17:34:41.321" endtime="20220223 17:34:51.681"/>
</for>
<status status="PASS" starttime="20220223 17:34:41.233" endtime="20220223 17:34:51.681"/>
</kw>
<kw name="List Products">
<kw name="Wait Until Page Contains Element" library="RPA.Browser.Selenium">
<arg>css=[data-testid="listar-produtos"]</arg>
<doc>Waits until the element ``locator`` appears on the current page.</doc>
<status status="PASS" starttime="20220223 17:34:51.682" endtime="20220223 17:34:51.690"/>
</kw>
<kw name="Click Link" library="RPA.Browser.Selenium">
<arg>css=[data-testid="listar-produtos"]</arg>
<doc>Clicks a link identified by ``locator``.</doc>
<msg timestamp="20220223 17:34:51.691" level="INFO">Clicking link 'css=[data-testid="listar-produtos"]'.</msg>
<status status="PASS" starttime="20220223 17:34:51.690" endtime="20220223 17:34:51.722"/>
</kw>
<status status="PASS" starttime="20220223 17:34:51.681" endtime="20220223 17:34:51.723"/>
</kw>
<kw name="Export the table as a Excel">
<kw name="Create Workbook" library="RPA.Excel.Files">
<arg>produtos.xlsx</arg>
<doc>Create and open a new Excel workbook.</doc>
<status status="PASS" starttime="20220223 17:34:51.723" endtime="20220223 17:34:51.725"/>
</kw>
<kw name="Set Worksheet Value" library="RPA.Excel.Files">
<arg>1</arg>
<arg>1</arg>
<arg>Nome</arg>
<doc>Alias for keyword ``Set cell value``, see the original keyword
for documentation.</doc>
<status status="PASS" starttime="20220223 17:34:51.725" endtime="20220223 17:34:51.726"/>
</kw>
<kw name="Set Worksheet Value" library="RPA.Excel.Files">
<arg>1</arg>
<arg>2</arg>
<arg>Preço</arg>
<doc>Alias for keyword ``Set cell value``, see the original keyword
for documentation.</doc>
<status status="PASS" starttime="20220223 17:34:51.726" endtime="20220223 17:34:51.726"/>
</kw>
<kw name="Set Worksheet Value" library="RPA.Excel.Files">
<arg>1</arg>
<arg>3</arg>
<arg>Descrição</arg>
<doc>Alias for keyword ``Set cell value``, see the original keyword
for documentation.</doc>
<status status="PASS" starttime="20220223 17:34:51.726" endtime="20220223 17:34:51.727"/>
</kw>
<kw name="Set Worksheet Value" library="RPA.Excel.Files">
<arg>1</arg>
<arg>4</arg>
<arg>Quantidade</arg>
<doc>Alias for keyword ``Set cell value``, see the original keyword
for documentation.</doc>
<status status="PASS" starttime="20220223 17:34:51.727" endtime="20220223 17:34:51.727"/>
</kw>
<kw name="Set Worksheet Value" library="RPA.Excel.Files">
<arg>1</arg>
<arg>5</arg>
<arg>_id</arg>
<doc>Alias for keyword ``Set cell value``, see the original keyword
for documentation.</doc>
<status status="PASS" starttime="20220223 17:34:51.727" endtime="20220223 17:34:51.727"/>
</kw>
<kw name="Set Worksheet Value" library="RPA.Excel.Files">
<arg>1</arg>
<arg>6</arg>
<arg>imagem</arg>
<doc>Alias for keyword ``Set cell value``, see the original keyword
for documentation.</doc>
<status status="PASS" starttime="20220223 17:34:51.728" endtime="20220223 17:34:51.728"/>
</kw>
<kw name="Http Get" library="RPA.HTTP">
<var>${response}</var>
<arg>https://serverest.dev/produtos</arg>
<doc>A helper method for ``Get Request`` that will create a session, perform GET
request, and store the target file, if set by the ``target_file`` parameter.</doc>
<msg timestamp="20220223 17:34:51.728" level="INFO">Creating a new HTTP session</msg>
<msg timestamp="20220223 17:34:51.728" level="INFO">Creating Session using : alias=rpasession_alias.httpsserverest.dev, url=https://serverest.dev, headers={},                     cookies={}, auth=None, timeout=None, proxies=None, verify=True,                     debug=0 </msg>
<msg timestamp="20220223 17:34:52.227" level="INFO">GET Request : url=https://serverest.dev/produtos 
 path_url=/produtos 
 headers={'User-Agent': 'python-requests/2.27.1', 'Accept-Encoding': 'gzip, deflate', 'Accept': '*/*', 'Connection': 'keep-alive'} 
 body=None 
 </msg>
<msg timestamp="20220223 17:34:52.227" level="INFO">GET Response : url=https://serverest.dev/produtos 
 status=200, reason=OK 
 headers={'access-control-allow-origin': '*', 'x-dns-prefetch-control': 'off', 'x-frame-options': 'SAMEORIGIN', 'strict-transport-security': 'max-age=15552000; includeSubDomains', 'x-download-options': 'noopen', 'x-content-type-options': 'nosniff', 'x-xss-protection': '1; mode=block', 'x-moesif-transaction-id': 'b92bdff9-498b-4b44-8a66-2098a07f9749', 'content-type': 'application/json; charset=utf-8', 'X-Cloud-Trace-Context': '5deed4c191811632de4b52daaaaa1443', 'Date': 'Wed, 23 Feb 2022 20:34:52 GMT', 'Server': 'Google Frontend', 'Content-Length': '13596'} 
 body={
    "quantidade": 64,
    "produtos": [
        {
            "nome": "Logitech MX Vertical modelo GFjsS1",
            "preco": 470,
            "descricao": "Mouse",
            "quantidade": 200,
            "_id": "0gYA3dRBseKXPJsK"
        },
        {
            "nome": "479325480527347Logitech MXteste",
            "preco": 472,
            "descricao": "Mouse",
            "quantidade": 380,
            "_id": "1JHG9PQxMwt9X8is"
        },
        {
            "nome": "Teclado Gamer TX  modelo sAJA0t",
            "preco": 150,
            "descricao": "Teclado gamer",
            "quantidade": 50,
            "_id": "1XynoJwFwmez18my"
        },
        {
            "nome": "Smart TV",
            "preco": 1350,
            "descricao": "Led, 32 polegadas.",
            "quantidade": 200,
            "imagem": "C:\\fakepath\\imagem.jpg",
            "_id": "3Sf0hKioBlmtmD00"
        },
        {
            "nome": "LG monitor curvo WS modelo rc2hQq",
            "preco": 2500,
            "descricao": "Monitor",
            "quantidade": 10,
            "_id": "4Gmu8bx6AbDPov5G"
        },
        {
            "nome": "810465033627260Logitech MXteste",
            "preco": 472,
            "descricao": "Mouse",
            "quantidade": 379,
            "_id": "4X5pgdQxM6IIX4rA"
        },
        {
            "nome": "226389440875527Logitech MXteste",
            "preco": 472,
            "descricao": "Mouse",
            "quantidade": 380,
            "_id": "4a2hOG066FHwO5Mj"
        },
        {
            "nome": "298846521724001Logitech MXteste",
            "preco": 472,
            "descricao": "Mouse",
            "quantidade": 379,
            "_id": "6BqW2iR7hLOZOgGa"
        },
        {
            "nome": "376181130146300Logitech MXteste",
            "preco": 472,
            "descricao": "Mouse",
            "quantidade": 0,
            "_id": "7ioWmPERVSzv8Cal"
        },
        {
            "nome": "Ar condicionado",
            "preco": 1200,
            "descricao": "Várias temperaturas.",
            "quantidade": 70,
            "imagem": "C:\\fakepath\\imagem.jpg",
            "_id": "8RC9uau6LcLOMj51"
        },
        {
            "nome": "Kit Home Office 2022 modelo BuRZN0",
            "preco": 450,
            "descricao": "Kit completo câmera, teclado, apoio de mão e headset básico",
            "quantidade": 250,
            "_id": "8ZEU8sspebxnqouk"
        },
        {
            "nome": "Cadeira de praia",
            "preco": 60,
            "descricao": "Dobrável e confortável.",
            "quantidade": 150,
            "imagem": "C:\\fakepath\\imagem.jpg",
            "_id": "9Rvh3grd6A7MicMx"
        },
        {
            "nome": "489061353133484Logitech MXteste",
            "preco": 472,
            "descricao": "Mouse",
            "quantidade": 380,
            "_id": "9VYEcCoDiDAjZVJT"
        },
        {
            "nome": "262709022252877Logitech MXteste",
            "preco": 472,
            "descricao": "Mouse",
            "quantidade": 380,
            "_id": "9YeypzaeC2sDmD5K"
        },
        {
            "nome": "318942741872346Logitech MXteste",
            "preco": 472,
            "descricao": "Mouse",
            "quantidade": 380,
            "_id": "AYoPsYDHqW6EiAXD"
        },
        {
            "nome": "Logitech MX Vertical",
            "preco": 470,
            "descricao": "Mouse",
            "quantidade": 382,
            "_id": "BeeJh5lz3k6kSIzA"
        },
        {
            "nome": "Notebook Asus Ryzen 5 f0vqsh",
            "preco": 2300,
            "descricao": "Notebook Gamer QEB2sn",
            "quantidade": 1,
            "_id": "Dd3ahsnyWBPk6ADh"
        },
        {
            "nome": "540855777578760Logitech MXteste",
            "preco": 472,
            "descricao": "Mouse",
            "quantidade": 380,
            "_id": "Dk2GQo7p0EhubfUd"
        },
        {
            "nome": "Caixa de som PC Sound modelo F0W5nQ",
            "preco": 520,
            "descricao": "Caixa de som PC",
            "quantidade": 320,
            "_id": "ERqCFokbUQg2PLWN"
        },
        {
            "nome": "Aspirador de pó",
            "preco": 300,
            "descricao": "Aspira e varre.",
            "quantidade": 65,
            "imagem": "C:\\fakepath\\imagem.jpg",
            "_id": "FST0zqqhPrs8JMTa"
        },
        {
            "nome": "166592978793504Logitech MXteste",
            "preco": 472,
            "descricao": "Mouse",
            "quantidade": 380,
            "_id": "FeLFDoR7mroVPPgs"
        },
        {
            "nome": "698061759314375Logitech MXteste",
            "preco": 472,
            "descricao": "Mouse",
            "quantidade": 380,
            "_id": "GFiJ8qCr6F0U34Ng"
        },
        {
            "nome": "588209093855271Logitech MXteste",
            "preco": 472,
            "descricao": "Mouse",
            "quantidade": 379,
            "_id": "I1tPBphQMHpMvzTt"
        },
        {
            "nome": "487351770773334Logitech MXteste",
            "preco": 472,
            "descricao": "Mouse",
            "quantidade": 380,
            "_id": "JivuQbo3zV68zKxf"
        },
        {
            "nome": "102395548698719Logitech MXteste",
            "preco": 472,
            "descricao": "Mouse",
            "quantidade": 380,
            "_id": "JnQz0MD5BOYyholq"
        },
        {
            "nome": "Notebook Asus Ryzen 5 BfD46b",
            "preco": 2300,
            "descricao": "Notebook Gamer 5j5Nz0",
            "quantidade": 1,
            "_id": "JvQ32PYMFEqq74fv"
        },
        {
            "nome": "Samsung 60 polegadas",
            "preco": 5240,
            "descricao": "TV",
            "quantidade": 49977,
            "_id": "K6leHdftCeOJj8BJ"
        },
        {
            "nome": "50775511802487Logitech MXteste",
            "preco": 472,
            "descricao": "Mouse",
            "quantidade": 380,
            "_id": "OPLBExMM7WKNRJsK"
        },
        {
            "nome": "472607624332832Logitech MXteste",
            "preco": 472,
            "descricao": "Mouse",
            "quantidade": 380,
            "_id": "PNI6dnh5l1JhZIWU"
        },
        {
            "nome": "Smartphone S",
            "preco": 1300,
            "descricao": "Smartphone de última geração.",
            "quantidade": 100,
            "imagem": "C:\\fakepath\\imagem.jpg",
            "_id": "PxSIyZjMEiEn5UnE"
        },
        {
            "nome": "381469017469132Logitech MXteste",
            "preco": 472,
            "descricao": "Mouse",
            "quantidade": 380,
            "_id": "Qnotm6SnJSIKnq07"
        },
        {
            "nome": "653845789953118Logitech MXteste",
            "preco": 472,
            "descricao": "Mouse",
            "quantidade": 380,
            "_id": "S9aMm2yak3AMJoVw"
        },
        {
            "nome": "Enormous Copper Table",
            "preco": 23,
            "descricao": "Marble",
            "quantidade": 74,
            "_id": "Tme0CO3yJ9vAcQ7K"
        },
        {
            "nome": "328510257621825Logitech MXteste",
            "preco": 472,
            "descricao": "Mouse",
            "quantidade": 380,
            "_id": "Uwgj1On7sjZPVjkT"
        },
        {
            "nome": "853544386447448Logitech MXteste",
            "preco": 472,
            "descricao": "Mouse",
            "quantidade": 380,
            "_id": "XgPsu49OSEvGfRt9"
        },
        {
            "nome": "476081519384548Logitech MXteste",
            "preco": 472,
            "descricao": "Mouse",
            "quantidade": 380,
            "_id": "ZgGwpgkbAGwJ9JxV"
        },
        {
            "nome": "Desktop gamer AMD Fighter modelo 3SeKGE",
            "preco": 3500,
            "descricao": "PC Fighter gamer",
            "quantidade": 5,
            "_id": "bAs4JWHhugCwJyNW"
        },
        {
            "nome": "382553220168110Logitech MXteste",
            "preco": 472,
            "descricao": "Mouse",
            "quantidade": 380,
            "_id": "dWN3rHkM2LmP13Lo"
        },
        {
            "nome": "Desktop office AMD Basix modelo 1FTuJU",
            "preco": 2500,
            "descricao": "AMD Basix pc básico",
            "quantidade": 15,
            "_id": "dxn2TQh6MpiwSZvf"
        },
        {
            "nome": "343195233952438Logitech MXteste",
            "preco": 472,
            "descricao": "Mouse",
            "quantidade": 380,
            "_id": "gRCShpXECd7XhE4V"
        },
        {
            "nome": "484133958804852Logitech MXteste",
            "preco": 472,
            "descricao": "Mouse",
            "quantidade": 380,
            "_id": "hBxZgRqaCjmEW7Dy"
        },
        {
            "nome": "Headset gamer RZR modelo W7A7wd",
            "preco": 180,
            "descricao": "Headset gamer",
            "quantidade": 280,
            "_id": "hJTXqPp2e8vTgtNM"
        },
        {
            "nome": "557118917376816Logitech MXteste",
            "preco": 472,
            "descricao": "Mouse",
            "quantidade": 380,
            "_id": "hxVr3bmKJM7fo1LN"
        },
        {
            "nome": "114843893830641Logitech MXteste",
            "preco": 472,
            "descricao": "Mouse",
            "quantidade": 379,
            "_id": "jveYkcAqKC2vk1MK"
        },
        {
            "nome": "79324594493991Logitech MXteste",
            "preco": 472,
            "descricao": "Mouse",
            "quantidade": 380,
            "_id": "jyzD1HWuQ1Ckhbhn"
        },
        {
            "nome": "273363496979058Logitech MXteste",
            "preco": 472,
            "descricao": "Mouse",
            "quantidade": 380,
            "_id": "kAnxBblCPDMBrMzq"
        },
        {
            "nome": "635691810524803Logitech MXteste",
            "preco": 472,
            "descricao": "Mouse",
            "quantidade": 380,
            ... (set the log level to DEBUG or TRACE to see the full content) 
 </msg>
<msg timestamp="20220223 17:34:52.228" level="INFO">${response} = &lt;Response [200]&gt;</msg>
<status status="PASS" starttime="20220223 17:34:51.728" endtime="20220223 17:34:52.228"/>
</kw>
<kw name="Wait Until Page Contains Element" library="RPA.Browser.Selenium">
<arg>css=[data-testid="listar-produtos"]</arg>
<doc>Waits until the element ``locator`` appears on the current page.</doc>
<status status="PASS" starttime="20220223 17:34:52.228" endtime="20220223 17:34:52.234"/>
</kw>
<kw name="Append Rows To Worksheet" library="RPA.Excel.Files">
<arg>${response.json()}[produtos]</arg>
<doc>Append values to the end of the worksheet.</doc>
<status status="PASS" starttime="20220223 17:34:52.235" endtime="20220223 17:34:52.240"/>
</kw>
<kw name="Save Workbook" library="RPA.Excel.Files">
<doc>Save the active workbook.</doc>
<status status="PASS" starttime="20220223 17:34:52.240" endtime="20220223 17:34:52.259"/>
</kw>
<kw name="Close Workbook" library="RPA.Excel.Files">
<doc>Close the active workbook.</doc>
<msg timestamp="20220223 17:34:52.259" level="INFO">Closing workbook: &lt;RPA.Excel.Files.XlsxWorkbook object at 0x0000023FA5D11608&gt;</msg>
<status status="PASS" starttime="20220223 17:34:52.259" endtime="20220223 17:34:52.259"/>
</kw>
<kw name="Close All Browsers" library="RPA.Browser.Selenium">
<doc>Closes all open browsers and resets the browser cache.</doc>
<status status="PASS" starttime="20220223 17:34:52.260" endtime="20220223 17:34:54.375"/>
</kw>
<status status="PASS" starttime="20220223 17:34:51.723" endtime="20220223 17:34:54.375"/>
</kw>
<status status="PASS" starttime="20220223 17:34:29.895" endtime="20220223 17:34:54.375"/>
</test>
<doc>Test RPA form web</doc>
<status status="PASS" starttime="20220223 17:34:27.022" endtime="20220223 17:34:54.376"/>
</suite>
<statistics>
<total>
<stat pass="1" fail="0" skip="0">All Tasks</stat>
</total>
<tag>
</tag>
<suite>
<stat pass="1" fail="0" skip="0" id="s1" name="Tasks">Tasks</stat>
</suite>
</statistics>
<errors>
</errors>
</robot>
